[2021-09-21 03:17:24,883] DEBUG preRegister called. Server=com.sun.jmx.mbeanserver.JmxMBeanServer@d3c617, name=log4j:logger=kafka.controller (kafka.controller)
[2021-09-21 03:18:03,572] INFO [ControllerEventThread controllerId=0] Starting (kafka.controller.ControllerEventManager$ControllerEventThread)
[2021-09-21 03:18:03,747] INFO [Controller id=0] 0 successfully elected as the controller. Epoch incremented to 2 and epoch zk version is now 2 (kafka.controller.KafkaController)
[2021-09-21 03:18:03,749] INFO [Controller id=0] Registering handlers (kafka.controller.KafkaController)
[2021-09-21 03:18:03,765] INFO [Controller id=0] Deleting log dir event notifications (kafka.controller.KafkaController)
[2021-09-21 03:18:03,778] INFO [Controller id=0] Deleting isr change notifications (kafka.controller.KafkaController)
[2021-09-21 03:18:03,787] INFO [Controller id=0] Initializing controller context (kafka.controller.KafkaController)
[2021-09-21 03:18:03,987] INFO [Controller id=0] Initialized broker epochs cache: Map(0 -> 116) (kafka.controller.KafkaController)
[2021-09-21 03:18:04,077] DEBUG [Controller id=0] Register BrokerModifications handler for Set(0) (kafka.controller.KafkaController)
[2021-09-21 03:18:04,221] DEBUG [Channel manager on controller 0]: Controller 0 trying to connect to broker 0 (kafka.controller.ControllerChannelManager)
[2021-09-21 03:18:04,350] INFO [Controller id=0] Currently active brokers in the cluster: Set(0) (kafka.controller.KafkaController)
[2021-09-21 03:18:04,351] INFO [Controller id=0] Currently shutting brokers in the cluster: HashSet() (kafka.controller.KafkaController)
[2021-09-21 03:18:04,351] INFO [Controller id=0] Current list of topics in the cluster: HashSet(Laura_Seguidores, Carlos_Seguidores, Laura_Likes, Laura_News, Marta_Likes, Juan_Likes, Juan_Seguidores, Marta_News, Marta_Seguidores, Carlos_Likes, Carlos_News, Juan_News) (kafka.controller.KafkaController)
[2021-09-21 03:18:04,352] INFO [Controller id=0] Fetching topic deletions in progress (kafka.controller.KafkaController)
[2021-09-21 03:18:04,369] INFO [Controller id=0] List of topics to be deleted:  (kafka.controller.KafkaController)
[2021-09-21 03:18:04,370] INFO [Controller id=0] List of topics ineligible for deletion:  (kafka.controller.KafkaController)
[2021-09-21 03:18:04,370] INFO [Controller id=0] Initializing topic deletion manager (kafka.controller.KafkaController)
[2021-09-21 03:18:04,371] INFO [Topic Deletion Manager 0] Initializing manager with initial deletions: Set(), initial ineligible deletions: HashSet() (kafka.controller.TopicDeletionManager)
[2021-09-21 03:18:04,372] INFO [Controller id=0] Sending update metadata request (kafka.controller.KafkaController)
[2021-09-21 03:18:04,399] INFO [ReplicaStateMachine controllerId=0] Initializing replica state (kafka.controller.ZkReplicaStateMachine)
[2021-09-21 03:18:04,413] INFO [ReplicaStateMachine controllerId=0] Triggering online replica state changes (kafka.controller.ZkReplicaStateMachine)
[2021-09-21 03:18:04,880] INFO [RequestSendThread controllerId=0] Starting (kafka.controller.RequestSendThread)
[2021-09-21 03:18:04,903] INFO [RequestSendThread controllerId=0] Controller 0 connected to 10.0.2.15:9092 (id: 0 rack: null) for sending state change requests (kafka.controller.RequestSendThread)
[2021-09-21 03:18:05,058] INFO [ReplicaStateMachine controllerId=0] Triggering offline replica state changes (kafka.controller.ZkReplicaStateMachine)
[2021-09-21 03:18:05,059] DEBUG [ReplicaStateMachine controllerId=0] Started replica state machine with initial state -> HashMap([Topic=Marta_Likes,Partition=0,Replica=0] -> OnlineReplica, [Topic=Juan_Likes,Partition=0,Replica=0] -> OnlineReplica, [Topic=Carlos_Likes,Partition=0,Replica=0] -> OnlineReplica, [Topic=Laura_News,Partition=0,Replica=0] -> OnlineReplica, [Topic=Juan_News,Partition=0,Replica=0] -> OnlineReplica, [Topic=Juan_Seguidores,Partition=0,Replica=0] -> OnlineReplica, [Topic=Marta_Seguidores,Partition=0,Replica=0] -> OnlineReplica, [Topic=Carlos_News,Partition=0,Replica=0] -> OnlineReplica, [Topic=Carlos_Seguidores,Partition=0,Replica=0] -> OnlineReplica, [Topic=Laura_Seguidores,Partition=0,Replica=0] -> OnlineReplica, [Topic=Marta_News,Partition=0,Replica=0] -> OnlineReplica, [Topic=Laura_Likes,Partition=0,Replica=0] -> OnlineReplica) (kafka.controller.ZkReplicaStateMachine)
[2021-09-21 03:18:05,060] INFO [PartitionStateMachine controllerId=0] Initializing partition state (kafka.controller.ZkPartitionStateMachine)
[2021-09-21 03:18:05,067] INFO [PartitionStateMachine controllerId=0] Triggering online partition state changes (kafka.controller.ZkPartitionStateMachine)
[2021-09-21 03:18:05,070] DEBUG [PartitionStateMachine controllerId=0] Started partition state machine with initial state -> HashMap(Carlos_News-0 -> OnlinePartition, Laura_Seguidores-0 -> OnlinePartition, Marta_News-0 -> OnlinePartition, Juan_Likes-0 -> OnlinePartition, Carlos_Seguidores-0 -> OnlinePartition, Marta_Likes-0 -> OnlinePartition, Juan_Seguidores-0 -> OnlinePartition, Laura_Likes-0 -> OnlinePartition, Laura_News-0 -> OnlinePartition, Marta_Seguidores-0 -> OnlinePartition, Juan_News-0 -> OnlinePartition, Carlos_Likes-0 -> OnlinePartition) (kafka.controller.ZkPartitionStateMachine)
[2021-09-21 03:18:05,071] INFO [Controller id=0] Ready to serve as the new controller with epoch 2 (kafka.controller.KafkaController)
[2021-09-21 03:18:05,195] INFO [Controller id=0] Partitions undergoing preferred replica election:  (kafka.controller.KafkaController)
[2021-09-21 03:18:05,195] INFO [Controller id=0] Partitions that completed preferred replica election:  (kafka.controller.KafkaController)
[2021-09-21 03:18:05,196] INFO [Controller id=0] Skipping preferred replica election for partitions due to topic deletion:  (kafka.controller.KafkaController)
[2021-09-21 03:18:05,196] INFO [Controller id=0] Resuming preferred replica election for partitions:  (kafka.controller.KafkaController)
[2021-09-21 03:18:05,199] INFO [Controller id=0] Starting replica leader election (PREFERRED) for partitions  triggered by ZkTriggered (kafka.controller.KafkaController)
[2021-09-21 03:18:05,382] INFO [Controller id=0] Starting the controller scheduler (kafka.controller.KafkaController)
[2021-09-21 03:18:10,384] INFO [Controller id=0] Processing automatic preferred replica leader election (kafka.controller.KafkaController)
[2021-09-21 03:18:10,385] TRACE [Controller id=0] Checking need to trigger auto leader balancing (kafka.controller.KafkaController)
[2021-09-21 03:18:10,391] DEBUG [Controller id=0] Preferred replicas by broker HashMap(0 -> HashMap(Laura_Likes-0 -> List(0), Carlos_News-0 -> List(0), Juan_News-0 -> List(0), Laura_Seguidores-0 -> List(0), Carlos_Likes-0 -> List(0), Marta_Seguidores-0 -> List(0), Juan_Seguidores-0 -> List(0), Marta_News-0 -> List(0), Laura_News-0 -> List(0), Juan_Likes-0 -> List(0), Marta_Likes-0 -> List(0), Carlos_Seguidores-0 -> List(0))) (kafka.controller.KafkaController)
[2021-09-21 03:18:10,402] DEBUG [Controller id=0] Topics not in preferred replica for broker 0 HashMap() (kafka.controller.KafkaController)
[2021-09-21 03:18:10,405] TRACE [Controller id=0] Leader imbalance ratio for broker 0 is 0.0 (kafka.controller.KafkaController)
