[2021-09-21 03:17:24,803] INFO Reading configuration from: ..\..\config\zookeeper.properties (org.apache.zookeeper.server.quorum.QuorumPeerConfig)
[2021-09-21 03:17:24,813] WARN ..\..\config\zookeeper.properties is relative. Prepend .\ to indicate that you're sure! (org.apache.zookeeper.server.quorum.QuorumPeerConfig)
[2021-09-21 03:17:24,813] WARN zookeeper-data is relative. Prepend .\ to indicate that you're sure! (org.apache.zookeeper.server.quorum.QuorumPeerConfig)
[2021-09-21 03:17:24,813] INFO clientPortAddress is 0.0.0.0/0.0.0.0:2181 (org.apache.zookeeper.server.quorum.QuorumPeerConfig)
[2021-09-21 03:17:24,813] INFO secureClientPort is not set (org.apache.zookeeper.server.quorum.QuorumPeerConfig)
[2021-09-21 03:17:24,823] INFO autopurge.snapRetainCount set to 3 (org.apache.zookeeper.server.DatadirCleanupManager)
[2021-09-21 03:17:24,823] INFO autopurge.purgeInterval set to 0 (org.apache.zookeeper.server.DatadirCleanupManager)
[2021-09-21 03:17:24,833] INFO Purge task is not scheduled. (org.apache.zookeeper.server.DatadirCleanupManager)
[2021-09-21 03:17:24,833] WARN Either no config or no quorum defined in config, running  in standalone mode (org.apache.zookeeper.server.quorum.QuorumPeerMain)
[2021-09-21 03:17:24,833] INFO Log4j found with jmx enabled. (org.apache.zookeeper.jmx.ManagedUtil)
[2021-09-21 03:17:24,893] INFO Reading configuration from: ..\..\config\zookeeper.properties (org.apache.zookeeper.server.quorum.QuorumPeerConfig)
[2021-09-21 03:17:24,893] WARN ..\..\config\zookeeper.properties is relative. Prepend .\ to indicate that you're sure! (org.apache.zookeeper.server.quorum.QuorumPeerConfig)
[2021-09-21 03:17:24,893] WARN zookeeper-data is relative. Prepend .\ to indicate that you're sure! (org.apache.zookeeper.server.quorum.QuorumPeerConfig)
[2021-09-21 03:17:24,893] INFO clientPortAddress is 0.0.0.0/0.0.0.0:2181 (org.apache.zookeeper.server.quorum.QuorumPeerConfig)
[2021-09-21 03:17:24,893] INFO secureClientPort is not set (org.apache.zookeeper.server.quorum.QuorumPeerConfig)
[2021-09-21 03:17:24,903] INFO Starting server (org.apache.zookeeper.server.ZooKeeperServerMain)
[2021-09-21 03:17:24,903] INFO zookeeper.snapshot.trust.empty : false (org.apache.zookeeper.server.persistence.FileTxnSnapLog)
[2021-09-21 03:17:24,993] INFO Server environment:zookeeper.version=3.5.6-c11b7e26bc554b8523dc929761dd28808913f091, built on 10/08/2019 20:18 GMT (org.apache.zookeeper.server.ZooKeeperServer)
[2021-09-21 03:17:24,993] INFO Server environment:host.name=10.0.2.15 (org.apache.zookeeper.server.ZooKeeperServer)
[2021-09-21 03:17:24,993] INFO Server environment:java.version=1.8.0_91 (org.apache.zookeeper.server.ZooKeeperServer)
[2021-09-21 03:17:24,993] INFO Server environment:java.vendor=Oracle Corporation (org.apache.zookeeper.server.ZooKeeperServer)
[2021-09-21 03:17:25,003] INFO Server environment:java.home=C:\Program Files\Java\jdk1.8.0_91\jre (org.apache.zookeeper.server.ZooKeeperServer)
[2021-09-21 03:17:25,003] INFO Server environment:java.class.path=C:\Users\Equipo\Desktop\tpkafka\kafka\libs\activation-1.1.1.jar;C:\Users\Equipo\Desktop\tpkafka\kafka\libs\aopalliance-repackaged-2.5.0.jar;C:\Users\Equipo\Desktop\tpkafka\kafka\libs\argparse4j-0.7.0.jar;C:\Users\Equipo\Desktop\tpkafka\kafka\libs\audience-annotations-0.5.0.jar;C:\Users\Equipo\Desktop\tpkafka\kafka\libs\commons-cli-1.4.jar;C:\Users\Equipo\Desktop\tpkafka\kafka\libs\commons-lang3-3.8.1.jar;C:\Users\Equipo\Desktop\tpkafka\kafka\libs\connect-api-2.4.0.jar;C:\Users\Equipo\Desktop\tpkafka\kafka\libs\connect-basic-auth-extension-2.4.0.jar;C:\Users\Equipo\Desktop\tpkafka\kafka\libs\connect-file-2.4.0.jar;C:\Users\Equipo\Desktop\tpkafka\kafka\libs\connect-json-2.4.0.jar;C:\Users\Equipo\Desktop\tpkafka\kafka\libs\connect-mirror-2.4.0.jar;C:\Users\Equipo\Desktop\tpkafka\kafka\libs\connect-mirror-client-2.4.0.jar;C:\Users\Equipo\Desktop\tpkafka\kafka\libs\connect-runtime-2.4.0.jar;C:\Users\Equipo\Desktop\tpkafka\kafka\libs\connect-transforms-2.4.0.jar;C:\Users\Equipo\Desktop\tpkafka\kafka\libs\guava-20.0.jar;C:\Users\Equipo\Desktop\tpkafka\kafka\libs\hk2-api-2.5.0.jar;C:\Users\Equipo\Desktop\tpkafka\kafka\libs\hk2-locator-2.5.0.jar;C:\Users\Equipo\Desktop\tpkafka\kafka\libs\hk2-utils-2.5.0.jar;C:\Users\Equipo\Desktop\tpkafka\kafka\libs\jackson-annotations-2.10.0.jar;C:\Users\Equipo\Desktop\tpkafka\kafka\libs\jackson-core-2.10.0.jar;C:\Users\Equipo\Desktop\tpkafka\kafka\libs\jackson-databind-2.10.0.jar;C:\Users\Equipo\Desktop\tpkafka\kafka\libs\jackson-dataformat-csv-2.10.0.jar;C:\Users\Equipo\Desktop\tpkafka\kafka\libs\jackson-datatype-jdk8-2.10.0.jar;C:\Users\Equipo\Desktop\tpkafka\kafka\libs\jackson-jaxrs-base-2.10.0.jar;C:\Users\Equipo\Desktop\tpkafka\kafka\libs\jackson-jaxrs-json-provider-2.10.0.jar;C:\Users\Equipo\Desktop\tpkafka\kafka\libs\jackson-module-jaxb-annotations-2.10.0.jar;C:\Users\Equipo\Desktop\tpkafka\kafka\libs\jackson-module-paranamer-2.10.0.jar;C:\Users\Equipo\Desktop\tpkafka\kafka\libs\jackson-module-scala_2.13-2.10.0.jar;C:\Users\Equipo\Desktop\tpkafka\kafka\libs\jakarta.activation-api-1.2.1.jar;C:\Users\Equipo\Desktop\tpkafka\kafka\libs\jakarta.annotation-api-1.3.4.jar;C:\Users\Equipo\Desktop\tpkafka\kafka\libs\jakarta.inject-2.5.0.jar;C:\Users\Equipo\Desktop\tpkafka\kafka\libs\jakarta.ws.rs-api-2.1.5.jar;C:\Users\Equipo\Desktop\tpkafka\kafka\libs\jakarta.xml.bind-api-2.3.2.jar;C:\Users\Equipo\Desktop\tpkafka\kafka\libs\javassist-3.22.0-CR2.jar;C:\Users\Equipo\Desktop\tpkafka\kafka\libs\javax.servlet-api-3.1.0.jar;C:\Users\Equipo\Desktop\tpkafka\kafka\libs\javax.ws.rs-api-2.1.1.jar;C:\Users\Equipo\Desktop\tpkafka\kafka\libs\jaxb-api-2.3.0.jar;C:\Users\Equipo\Desktop\tpkafka\kafka\libs\jersey-client-2.28.jar;C:\Users\Equipo\Desktop\tpkafka\kafka\libs\jersey-common-2.28.jar;C:\Users\Equipo\Desktop\tpkafka\kafka\libs\jersey-container-servlet-2.28.jar;C:\Users\Equipo\Desktop\tpkafka\kafka\libs\jersey-container-servlet-core-2.28.jar;C:\Users\Equipo\Desktop\tpkafka\kafka\libs\jersey-hk2-2.28.jar;C:\Users\Equipo\Desktop\tpkafka\kafka\libs\jersey-media-jaxb-2.28.jar;C:\Users\Equipo\Desktop\tpkafka\kafka\libs\jersey-server-2.28.jar;C:\Users\Equipo\Desktop\tpkafka\kafka\libs\jetty-client-9.4.20.v20190813.jar;C:\Users\Equipo\Desktop\tpkafka\kafka\libs\jetty-continuation-9.4.20.v20190813.jar;C:\Users\Equipo\Desktop\tpkafka\kafka\libs\jetty-http-9.4.20.v20190813.jar;C:\Users\Equipo\Desktop\tpkafka\kafka\libs\jetty-io-9.4.20.v20190813.jar;C:\Users\Equipo\Desktop\tpkafka\kafka\libs\jetty-security-9.4.20.v20190813.jar;C:\Users\Equipo\Desktop\tpkafka\kafka\libs\jetty-server-9.4.20.v20190813.jar;C:\Users\Equipo\Desktop\tpkafka\kafka\libs\jetty-servlet-9.4.20.v20190813.jar;C:\Users\Equipo\Desktop\tpkafka\kafka\libs\jetty-servlets-9.4.20.v20190813.jar;C:\Users\Equipo\Desktop\tpkafka\kafka\libs\jetty-util-9.4.20.v20190813.jar;C:\Users\Equipo\Desktop\tpkafka\kafka\libs\jopt-simple-5.0.4.jar;C:\Users\Equipo\Desktop\tpkafka\kafka\libs\kafka-clients-2.4.0.jar;C:\Users\Equipo\Desktop\tpkafka\kafka\libs\kafka-log4j-appender-2.4.0.jar;C:\Users\Equipo\Desktop\tpkafka\kafka\libs\kafka-streams-2.4.0.jar;C:\Users\Equipo\Desktop\tpkafka\kafka\libs\kafka-streams-examples-2.4.0.jar;C:\Users\Equipo\Desktop\tpkafka\kafka\libs\kafka-streams-scala_2.13-2.4.0.jar;C:\Users\Equipo\Desktop\tpkafka\kafka\libs\kafka-streams-test-utils-2.4.0.jar;C:\Users\Equipo\Desktop\tpkafka\kafka\libs\kafka-tools-2.4.0.jar;C:\Users\Equipo\Desktop\tpkafka\kafka\libs\kafka_2.13-2.4.0-javadoc.jar;C:\Users\Equipo\Desktop\tpkafka\kafka\libs\kafka_2.13-2.4.0-javadoc.jar.asc;C:\Users\Equipo\Desktop\tpkafka\kafka\libs\kafka_2.13-2.4.0-scaladoc.jar;C:\Users\Equipo\Desktop\tpkafka\kafka\libs\kafka_2.13-2.4.0-scaladoc.jar.asc;C:\Users\Equipo\Desktop\tpkafka\kafka\libs\kafka_2.13-2.4.0-sources.jar;C:\Users\Equipo\Desktop\tpkafka\kafka\libs\kafka_2.13-2.4.0-sources.jar.asc;C:\Users\Equipo\Desktop\tpkafka\kafka\libs\kafka_2.13-2.4.0-test-sources.jar;C:\Users\Equipo\Desktop\tpkafka\kafka\libs\kafka_2.13-2.4.0-test-sources.jar.asc;C:\Users\Equipo\Desktop\tpkafka\kafka\libs\kafka_2.13-2.4.0-test.jar;C:\Users\Equipo\Desktop\tpkafka\kafka\libs\kafka_2.13-2.4.0-test.jar.asc;C:\Users\Equipo\Desktop\tpkafka\kafka\libs\kafka_2.13-2.4.0.jar;C:\Users\Equipo\Desktop\tpkafka\kafka\libs\kafka_2.13-2.4.0.jar.asc;C:\Users\Equipo\Desktop\tpkafka\kafka\libs\log4j-1.2.17.jar;C:\Users\Equipo\Desktop\tpkafka\kafka\libs\lz4-java-1.6.0.jar;C:\Users\Equipo\Desktop\tpkafka\kafka\libs\maven-artifact-3.6.1.jar;C:\Users\Equipo\Desktop\tpkafka\kafka\libs\metrics-core-2.2.0.jar;C:\Users\Equipo\Desktop\tpkafka\kafka\libs\netty-buffer-4.1.42.Final.jar;C:\Users\Equipo\Desktop\tpkafka\kafka\libs\netty-codec-4.1.42.Final.jar;C:\Users\Equipo\Desktop\tpkafka\kafka\libs\netty-common-4.1.42.Final.jar;C:\Users\Equipo\Desktop\tpkafka\kafka\libs\netty-handler-4.1.42.Final.jar;C:\Users\Equipo\Desktop\tpkafka\kafka\libs\netty-resolver-4.1.42.Final.jar;C:\Users\Equipo\Desktop\tpkafka\kafka\libs\netty-transport-4.1.42.Final.jar;C:\Users\Equipo\Desktop\tpkafka\kafka\libs\netty-transport-native-epoll-4.1.42.Final.jar;C:\Users\Equipo\Desktop\tpkafka\kafka\libs\netty-transport-native-unix-common-4.1.42.Final.jar;C:\Users\Equipo\Desktop\tpkafka\kafka\libs\osgi-resource-locator-1.0.1.jar;C:\Users\Equipo\Desktop\tpkafka\kafka\libs\paranamer-2.8.jar;C:\Users\Equipo\Desktop\tpkafka\kafka\libs\plexus-utils-3.2.0.jar;C:\Users\Equipo\Desktop\tpkafka\kafka\libs\reflections-0.9.11.jar;C:\Users\Equipo\Desktop\tpkafka\kafka\libs\rocksdbjni-5.18.3.jar;C:\Users\Equipo\Desktop\tpkafka\kafka\libs\scala-collection-compat_2.13-2.1.2.jar;C:\Users\Equipo\Desktop\tpkafka\kafka\libs\scala-java8-compat_2.13-0.9.0.jar;C:\Users\Equipo\Desktop\tpkafka\kafka\libs\scala-library-2.13.1.jar;C:\Users\Equipo\Desktop\tpkafka\kafka\libs\scala-logging_2.13-3.9.2.jar;C:\Users\Equipo\Desktop\tpkafka\kafka\libs\scala-reflect-2.13.1.jar;C:\Users\Equipo\Desktop\tpkafka\kafka\libs\slf4j-api-1.7.28.jar;C:\Users\Equipo\Desktop\tpkafka\kafka\libs\slf4j-log4j12-1.7.28.jar;C:\Users\Equipo\Desktop\tpkafka\kafka\libs\snappy-java-1.1.7.3.jar;C:\Users\Equipo\Desktop\tpkafka\kafka\libs\validation-api-2.0.1.Final.jar;C:\Users\Equipo\Desktop\tpkafka\kafka\libs\zookeeper-3.5.6.jar;C:\Users\Equipo\Desktop\tpkafka\kafka\libs\zookeeper-jute-3.5.6.jar;C:\Users\Equipo\Desktop\tpkafka\kafka\libs\zstd-jni-1.4.3-1.jar (org.apache.zookeeper.server.ZooKeeperServer)
[2021-09-21 03:17:25,013] INFO Server environment:java.library.path=C:\Program Files\Java\jdk1.8.0_91\jre\bin;C:\Windows\Sun\Java\bin;C:\Windows\system32;C:\Windows;C:\Program Files\Common Files\Oracle\Java\javapath;C:\ProgramData\Oracle\Java\javapath;C:\Windows\system32;C:\Windows;C:\Windows\System32\Wbem;C:\apache-maven-3.8.1-bin\apache-maven-3.8.1\bin;%JAVA_HOME%\bin;C:\Users\Equipo\AppData\Local\Programs\Python\Python37-32\Scripts\;C:\Users\Equipo\AppData\Local\Programs\Python\Python37-32\;. (org.apache.zookeeper.server.ZooKeeperServer)
[2021-09-21 03:17:25,023] INFO Server environment:java.io.tmpdir=C:\Users\Equipo\AppData\Local\Temp\ (org.apache.zookeeper.server.ZooKeeperServer)
[2021-09-21 03:17:25,023] INFO Server environment:java.compiler=<NA> (org.apache.zookeeper.server.ZooKeeperServer)
[2021-09-21 03:17:25,023] INFO Server environment:os.name=Windows Vista (org.apache.zookeeper.server.ZooKeeperServer)
[2021-09-21 03:17:25,023] INFO Server environment:os.arch=x86 (org.apache.zookeeper.server.ZooKeeperServer)
[2021-09-21 03:17:25,023] INFO Server environment:os.version=6.0 (org.apache.zookeeper.server.ZooKeeperServer)
[2021-09-21 03:17:25,023] INFO Server environment:user.name=Equipo (org.apache.zookeeper.server.ZooKeeperServer)
[2021-09-21 03:17:25,023] INFO Server environment:user.home=C:\Users\Equipo (org.apache.zookeeper.server.ZooKeeperServer)
[2021-09-21 03:17:25,033] INFO Server environment:user.dir=C:\Users\Equipo\Desktop\tpkafka\kafka\bin\windows (org.apache.zookeeper.server.ZooKeeperServer)
[2021-09-21 03:17:25,033] INFO Server environment:os.memory.free=499MB (org.apache.zookeeper.server.ZooKeeperServer)
[2021-09-21 03:17:25,033] INFO Server environment:os.memory.max=512MB (org.apache.zookeeper.server.ZooKeeperServer)
[2021-09-21 03:17:25,043] INFO Server environment:os.memory.total=512MB (org.apache.zookeeper.server.ZooKeeperServer)
[2021-09-21 03:17:25,053] INFO minSessionTimeout set to 6000 (org.apache.zookeeper.server.ZooKeeperServer)
[2021-09-21 03:17:25,053] INFO maxSessionTimeout set to 60000 (org.apache.zookeeper.server.ZooKeeperServer)
[2021-09-21 03:17:25,053] INFO Created server with tickTime 3000 minSessionTimeout 6000 maxSessionTimeout 60000 datadir zookeeper-data\version-2 snapdir zookeeper-data\version-2 (org.apache.zookeeper.server.ZooKeeperServer)
[2021-09-21 03:17:25,324] INFO Using org.apache.zookeeper.server.NIOServerCnxnFactory as server connection factory (org.apache.zookeeper.server.ServerCnxnFactory)
[2021-09-21 03:17:25,344] INFO Configuring NIO connection handler with 10s sessionless connection timeout, 1 selector thread(s), 2 worker threads, and 64 kB direct buffers. (org.apache.zookeeper.server.NIOServerCnxnFactory)
[2021-09-21 03:17:25,354] INFO binding to port 0.0.0.0/0.0.0.0:2181 (org.apache.zookeeper.server.NIOServerCnxnFactory)
[2021-09-21 03:17:25,398] INFO zookeeper.snapshotSizeFactor = 0.33 (org.apache.zookeeper.server.ZKDatabase)
[2021-09-21 03:17:25,413] INFO Reading snapshot zookeeper-data\version-2\snapshot.0 (org.apache.zookeeper.server.persistence.FileSnap)
[2021-09-21 03:17:25,514] INFO Snapshotting: 0x64 to zookeeper-data\version-2\snapshot.64 (org.apache.zookeeper.server.persistence.FileTxnSnapLog)
[2021-09-21 03:17:25,622] INFO Using checkIntervalMs=60000 maxPerMinute=10000 (org.apache.zookeeper.server.ContainerManager)
[2021-09-21 03:17:32,162] INFO Expiring session 0x100005b45cd0000, timeout of 6000ms exceeded (org.apache.zookeeper.server.ZooKeeperServer)
[2021-09-21 03:17:32,175] INFO Creating new log file: log.65 (org.apache.zookeeper.server.persistence.FileTxnLog)
[2021-09-21 03:17:55,919] INFO Registered kafka:type=kafka.Log4jController MBean (kafka.utils.Log4jControllerRegistration$)
[2021-09-21 03:17:57,651] INFO starting (kafka.server.KafkaServer)
[2021-09-21 03:17:57,654] INFO Connecting to zookeeper on localhost:2181 (kafka.server.KafkaServer)
[2021-09-21 03:17:57,757] INFO [ZooKeeperClient Kafka server] Initializing a new session to localhost:2181. (kafka.zookeeper.ZooKeeperClient)
[2021-09-21 03:17:57,817] INFO Client environment:zookeeper.version=3.5.6-c11b7e26bc554b8523dc929761dd28808913f091, built on 10/08/2019 20:18 GMT (org.apache.zookeeper.ZooKeeper)
[2021-09-21 03:17:57,818] INFO Client environment:host.name=10.0.2.15 (org.apache.zookeeper.ZooKeeper)
[2021-09-21 03:17:57,818] INFO Client environment:java.version=1.8.0_91 (org.apache.zookeeper.ZooKeeper)
[2021-09-21 03:17:57,818] INFO Client environment:java.vendor=Oracle Corporation (org.apache.zookeeper.ZooKeeper)
[2021-09-21 03:17:57,819] INFO Client environment:java.home=C:\Program Files\Java\jdk1.8.0_91\jre (org.apache.zookeeper.ZooKeeper)
[2021-09-21 03:17:57,820] INFO Client environment:java.class.path=C:\Users\Equipo\Desktop\tpkafka\kafka\libs\activation-1.1.1.jar;C:\Users\Equipo\Desktop\tpkafka\kafka\libs\aopalliance-repackaged-2.5.0.jar;C:\Users\Equipo\Desktop\tpkafka\kafka\libs\argparse4j-0.7.0.jar;C:\Users\Equipo\Desktop\tpkafka\kafka\libs\audience-annotations-0.5.0.jar;C:\Users\Equipo\Desktop\tpkafka\kafka\libs\commons-cli-1.4.jar;C:\Users\Equipo\Desktop\tpkafka\kafka\libs\commons-lang3-3.8.1.jar;C:\Users\Equipo\Desktop\tpkafka\kafka\libs\connect-api-2.4.0.jar;C:\Users\Equipo\Desktop\tpkafka\kafka\libs\connect-basic-auth-extension-2.4.0.jar;C:\Users\Equipo\Desktop\tpkafka\kafka\libs\connect-file-2.4.0.jar;C:\Users\Equipo\Desktop\tpkafka\kafka\libs\connect-json-2.4.0.jar;C:\Users\Equipo\Desktop\tpkafka\kafka\libs\connect-mirror-2.4.0.jar;C:\Users\Equipo\Desktop\tpkafka\kafka\libs\connect-mirror-client-2.4.0.jar;C:\Users\Equipo\Desktop\tpkafka\kafka\libs\connect-runtime-2.4.0.jar;C:\Users\Equipo\Desktop\tpkafka\kafka\libs\connect-transforms-2.4.0.jar;C:\Users\Equipo\Desktop\tpkafka\kafka\libs\guava-20.0.jar;C:\Users\Equipo\Desktop\tpkafka\kafka\libs\hk2-api-2.5.0.jar;C:\Users\Equipo\Desktop\tpkafka\kafka\libs\hk2-locator-2.5.0.jar;C:\Users\Equipo\Desktop\tpkafka\kafka\libs\hk2-utils-2.5.0.jar;C:\Users\Equipo\Desktop\tpkafka\kafka\libs\jackson-annotations-2.10.0.jar;C:\Users\Equipo\Desktop\tpkafka\kafka\libs\jackson-core-2.10.0.jar;C:\Users\Equipo\Desktop\tpkafka\kafka\libs\jackson-databind-2.10.0.jar;C:\Users\Equipo\Desktop\tpkafka\kafka\libs\jackson-dataformat-csv-2.10.0.jar;C:\Users\Equipo\Desktop\tpkafka\kafka\libs\jackson-datatype-jdk8-2.10.0.jar;C:\Users\Equipo\Desktop\tpkafka\kafka\libs\jackson-jaxrs-base-2.10.0.jar;C:\Users\Equipo\Desktop\tpkafka\kafka\libs\jackson-jaxrs-json-provider-2.10.0.jar;C:\Users\Equipo\Desktop\tpkafka\kafka\libs\jackson-module-jaxb-annotations-2.10.0.jar;C:\Users\Equipo\Desktop\tpkafka\kafka\libs\jackson-module-paranamer-2.10.0.jar;C:\Users\Equipo\Desktop\tpkafka\kafka\libs\jackson-module-scala_2.13-2.10.0.jar;C:\Users\Equipo\Desktop\tpkafka\kafka\libs\jakarta.activation-api-1.2.1.jar;C:\Users\Equipo\Desktop\tpkafka\kafka\libs\jakarta.annotation-api-1.3.4.jar;C:\Users\Equipo\Desktop\tpkafka\kafka\libs\jakarta.inject-2.5.0.jar;C:\Users\Equipo\Desktop\tpkafka\kafka\libs\jakarta.ws.rs-api-2.1.5.jar;C:\Users\Equipo\Desktop\tpkafka\kafka\libs\jakarta.xml.bind-api-2.3.2.jar;C:\Users\Equipo\Desktop\tpkafka\kafka\libs\javassist-3.22.0-CR2.jar;C:\Users\Equipo\Desktop\tpkafka\kafka\libs\javax.servlet-api-3.1.0.jar;C:\Users\Equipo\Desktop\tpkafka\kafka\libs\javax.ws.rs-api-2.1.1.jar;C:\Users\Equipo\Desktop\tpkafka\kafka\libs\jaxb-api-2.3.0.jar;C:\Users\Equipo\Desktop\tpkafka\kafka\libs\jersey-client-2.28.jar;C:\Users\Equipo\Desktop\tpkafka\kafka\libs\jersey-common-2.28.jar;C:\Users\Equipo\Desktop\tpkafka\kafka\libs\jersey-container-servlet-2.28.jar;C:\Users\Equipo\Desktop\tpkafka\kafka\libs\jersey-container-servlet-core-2.28.jar;C:\Users\Equipo\Desktop\tpkafka\kafka\libs\jersey-hk2-2.28.jar;C:\Users\Equipo\Desktop\tpkafka\kafka\libs\jersey-media-jaxb-2.28.jar;C:\Users\Equipo\Desktop\tpkafka\kafka\libs\jersey-server-2.28.jar;C:\Users\Equipo\Desktop\tpkafka\kafka\libs\jetty-client-9.4.20.v20190813.jar;C:\Users\Equipo\Desktop\tpkafka\kafka\libs\jetty-continuation-9.4.20.v20190813.jar;C:\Users\Equipo\Desktop\tpkafka\kafka\libs\jetty-http-9.4.20.v20190813.jar;C:\Users\Equipo\Desktop\tpkafka\kafka\libs\jetty-io-9.4.20.v20190813.jar;C:\Users\Equipo\Desktop\tpkafka\kafka\libs\jetty-security-9.4.20.v20190813.jar;C:\Users\Equipo\Desktop\tpkafka\kafka\libs\jetty-server-9.4.20.v20190813.jar;C:\Users\Equipo\Desktop\tpkafka\kafka\libs\jetty-servlet-9.4.20.v20190813.jar;C:\Users\Equipo\Desktop\tpkafka\kafka\libs\jetty-servlets-9.4.20.v20190813.jar;C:\Users\Equipo\Desktop\tpkafka\kafka\libs\jetty-util-9.4.20.v20190813.jar;C:\Users\Equipo\Desktop\tpkafka\kafka\libs\jopt-simple-5.0.4.jar;C:\Users\Equipo\Desktop\tpkafka\kafka\libs\kafka-clients-2.4.0.jar;C:\Users\Equipo\Desktop\tpkafka\kafka\libs\kafka-log4j-appender-2.4.0.jar;C:\Users\Equipo\Desktop\tpkafka\kafka\libs\kafka-streams-2.4.0.jar;C:\Users\Equipo\Desktop\tpkafka\kafka\libs\kafka-streams-examples-2.4.0.jar;C:\Users\Equipo\Desktop\tpkafka\kafka\libs\kafka-streams-scala_2.13-2.4.0.jar;C:\Users\Equipo\Desktop\tpkafka\kafka\libs\kafka-streams-test-utils-2.4.0.jar;C:\Users\Equipo\Desktop\tpkafka\kafka\libs\kafka-tools-2.4.0.jar;C:\Users\Equipo\Desktop\tpkafka\kafka\libs\kafka_2.13-2.4.0-javadoc.jar;C:\Users\Equipo\Desktop\tpkafka\kafka\libs\kafka_2.13-2.4.0-javadoc.jar.asc;C:\Users\Equipo\Desktop\tpkafka\kafka\libs\kafka_2.13-2.4.0-scaladoc.jar;C:\Users\Equipo\Desktop\tpkafka\kafka\libs\kafka_2.13-2.4.0-scaladoc.jar.asc;C:\Users\Equipo\Desktop\tpkafka\kafka\libs\kafka_2.13-2.4.0-sources.jar;C:\Users\Equipo\Desktop\tpkafka\kafka\libs\kafka_2.13-2.4.0-sources.jar.asc;C:\Users\Equipo\Desktop\tpkafka\kafka\libs\kafka_2.13-2.4.0-test-sources.jar;C:\Users\Equipo\Desktop\tpkafka\kafka\libs\kafka_2.13-2.4.0-test-sources.jar.asc;C:\Users\Equipo\Desktop\tpkafka\kafka\libs\kafka_2.13-2.4.0-test.jar;C:\Users\Equipo\Desktop\tpkafka\kafka\libs\kafka_2.13-2.4.0-test.jar.asc;C:\Users\Equipo\Desktop\tpkafka\kafka\libs\kafka_2.13-2.4.0.jar;C:\Users\Equipo\Desktop\tpkafka\kafka\libs\kafka_2.13-2.4.0.jar.asc;C:\Users\Equipo\Desktop\tpkafka\kafka\libs\log4j-1.2.17.jar;C:\Users\Equipo\Desktop\tpkafka\kafka\libs\lz4-java-1.6.0.jar;C:\Users\Equipo\Desktop\tpkafka\kafka\libs\maven-artifact-3.6.1.jar;C:\Users\Equipo\Desktop\tpkafka\kafka\libs\metrics-core-2.2.0.jar;C:\Users\Equipo\Desktop\tpkafka\kafka\libs\netty-buffer-4.1.42.Final.jar;C:\Users\Equipo\Desktop\tpkafka\kafka\libs\netty-codec-4.1.42.Final.jar;C:\Users\Equipo\Desktop\tpkafka\kafka\libs\netty-common-4.1.42.Final.jar;C:\Users\Equipo\Desktop\tpkafka\kafka\libs\netty-handler-4.1.42.Final.jar;C:\Users\Equipo\Desktop\tpkafka\kafka\libs\netty-resolver-4.1.42.Final.jar;C:\Users\Equipo\Desktop\tpkafka\kafka\libs\netty-transport-4.1.42.Final.jar;C:\Users\Equipo\Desktop\tpkafka\kafka\libs\netty-transport-native-epoll-4.1.42.Final.jar;C:\Users\Equipo\Desktop\tpkafka\kafka\libs\netty-transport-native-unix-common-4.1.42.Final.jar;C:\Users\Equipo\Desktop\tpkafka\kafka\libs\osgi-resource-locator-1.0.1.jar;C:\Users\Equipo\Desktop\tpkafka\kafka\libs\paranamer-2.8.jar;C:\Users\Equipo\Desktop\tpkafka\kafka\libs\plexus-utils-3.2.0.jar;C:\Users\Equipo\Desktop\tpkafka\kafka\libs\reflections-0.9.11.jar;C:\Users\Equipo\Desktop\tpkafka\kafka\libs\rocksdbjni-5.18.3.jar;C:\Users\Equipo\Desktop\tpkafka\kafka\libs\scala-collection-compat_2.13-2.1.2.jar;C:\Users\Equipo\Desktop\tpkafka\kafka\libs\scala-java8-compat_2.13-0.9.0.jar;C:\Users\Equipo\Desktop\tpkafka\kafka\libs\scala-library-2.13.1.jar;C:\Users\Equipo\Desktop\tpkafka\kafka\libs\scala-logging_2.13-3.9.2.jar;C:\Users\Equipo\Desktop\tpkafka\kafka\libs\scala-reflect-2.13.1.jar;C:\Users\Equipo\Desktop\tpkafka\kafka\libs\slf4j-api-1.7.28.jar;C:\Users\Equipo\Desktop\tpkafka\kafka\libs\slf4j-log4j12-1.7.28.jar;C:\Users\Equipo\Desktop\tpkafka\kafka\libs\snappy-java-1.1.7.3.jar;C:\Users\Equipo\Desktop\tpkafka\kafka\libs\validation-api-2.0.1.Final.jar;C:\Users\Equipo\Desktop\tpkafka\kafka\libs\zookeeper-3.5.6.jar;C:\Users\Equipo\Desktop\tpkafka\kafka\libs\zookeeper-jute-3.5.6.jar;C:\Users\Equipo\Desktop\tpkafka\kafka\libs\zstd-jni-1.4.3-1.jar (org.apache.zookeeper.ZooKeeper)
[2021-09-21 03:17:57,838] INFO Client environment:java.library.path=C:\Program Files\Java\jdk1.8.0_91\jre\bin;C:\Windows\Sun\Java\bin;C:\Windows\system32;C:\Windows;C:\Program Files\Common Files\Oracle\Java\javapath;C:\ProgramData\Oracle\Java\javapath;C:\Windows\system32;C:\Windows;C:\Windows\System32\Wbem;C:\apache-maven-3.8.1-bin\apache-maven-3.8.1\bin;%JAVA_HOME%\bin;C:\Users\Equipo\AppData\Local\Programs\Python\Python37-32\Scripts\;C:\Users\Equipo\AppData\Local\Programs\Python\Python37-32\;. (org.apache.zookeeper.ZooKeeper)
[2021-09-21 03:17:57,840] INFO Client environment:java.io.tmpdir=C:\Users\Equipo\AppData\Local\Temp\ (org.apache.zookeeper.ZooKeeper)
[2021-09-21 03:17:57,841] INFO Client environment:java.compiler=<NA> (org.apache.zookeeper.ZooKeeper)
[2021-09-21 03:17:57,842] INFO Client environment:os.name=Windows Vista (org.apache.zookeeper.ZooKeeper)
[2021-09-21 03:17:57,843] INFO Client environment:os.arch=x86 (org.apache.zookeeper.ZooKeeper)
[2021-09-21 03:17:57,844] INFO Client environment:os.version=6.0 (org.apache.zookeeper.ZooKeeper)
[2021-09-21 03:17:57,846] INFO Client environment:user.name=Equipo (org.apache.zookeeper.ZooKeeper)
[2021-09-21 03:17:57,847] INFO Client environment:user.home=C:\Users\Equipo (org.apache.zookeeper.ZooKeeper)
[2021-09-21 03:17:57,849] INFO Client environment:user.dir=C:\Users\Equipo\Desktop\tpkafka\kafka\bin\windows (org.apache.zookeeper.ZooKeeper)
[2021-09-21 03:17:57,849] INFO Client environment:os.memory.free=503MB (org.apache.zookeeper.ZooKeeper)
[2021-09-21 03:17:57,851] INFO Client environment:os.memory.max=512MB (org.apache.zookeeper.ZooKeeper)
[2021-09-21 03:17:57,851] INFO Client environment:os.memory.total=512MB (org.apache.zookeeper.ZooKeeper)
[2021-09-21 03:17:57,863] INFO Initiating client connection, connectString=localhost:2181 sessionTimeout=6000 watcher=kafka.zookeeper.ZooKeeperClient$ZooKeeperClientWatcher$@174bf60 (org.apache.zookeeper.ZooKeeper)
[2021-09-21 03:17:57,882] INFO Setting -D jdk.tls.rejectClientInitiatedRenegotiation=true to disable client-initiated TLS renegotiation (org.apache.zookeeper.common.X509Util)
[2021-09-21 03:17:57,928] INFO jute.maxbuffer value is 4194304 Bytes (org.apache.zookeeper.ClientCnxnSocket)
[2021-09-21 03:17:57,945] INFO zookeeper.request.timeout value is 0. feature enabled= (org.apache.zookeeper.ClientCnxn)
[2021-09-21 03:17:57,952] INFO [ZooKeeperClient Kafka server] Waiting until connected. (kafka.zookeeper.ZooKeeperClient)
[2021-09-21 03:17:57,970] INFO Opening socket connection to server localhost/127.0.0.1:2181. Will not attempt to authenticate using SASL (unknown error) (org.apache.zookeeper.ClientCnxn)
[2021-09-21 03:17:57,974] INFO Socket connection established, initiating session, client: /127.0.0.1:49643, server: localhost/127.0.0.1:2181 (org.apache.zookeeper.ClientCnxn)
[2021-09-21 03:17:58,086] INFO Session establishment complete on server localhost/127.0.0.1:2181, sessionid = 0x10001504f460000, negotiated timeout = 6000 (org.apache.zookeeper.ClientCnxn)
[2021-09-21 03:17:58,099] INFO [ZooKeeperClient Kafka server] Connected. (kafka.zookeeper.ZooKeeperClient)
[2021-09-21 03:17:58,865] INFO Cluster ID = nlvvyFdZQn2hYruyQLpsNA (kafka.server.KafkaServer)
[2021-09-21 03:17:59,141] INFO KafkaConfig values: 
	advertised.host.name = null
	advertised.listeners = null
	advertised.port = null
	alter.config.policy.class.name = null
	alter.log.dirs.replication.quota.window.num = 11
	alter.log.dirs.replication.quota.window.size.seconds = 1
	authorizer.class.name = 
	auto.create.topics.enable = true
	auto.leader.rebalance.enable = true
	background.threads = 10
	broker.id = 0
	broker.id.generation.enable = true
	broker.rack = null
	client.quota.callback.class = null
	compression.type = producer
	connection.failed.authentication.delay.ms = 100
	connections.max.idle.ms = 600000
	connections.max.reauth.ms = 0
	control.plane.listener.name = null
	controlled.shutdown.enable = true
	controlled.shutdown.max.retries = 3
	controlled.shutdown.retry.backoff.ms = 5000
	controller.socket.timeout.ms = 30000
	create.topic.policy.class.name = null
	default.replication.factor = 1
	delegation.token.expiry.check.interval.ms = 3600000
	delegation.token.expiry.time.ms = 86400000
	delegation.token.master.key = null
	delegation.token.max.lifetime.ms = 604800000
	delete.records.purgatory.purge.interval.requests = 1
	delete.topic.enable = true
	fetch.purgatory.purge.interval.requests = 1000
	group.initial.rebalance.delay.ms = 0
	group.max.session.timeout.ms = 1800000
	group.max.size = 2147483647
	group.min.session.timeout.ms = 6000
	host.name = 
	inter.broker.listener.name = null
	inter.broker.protocol.version = 2.4-IV1
	kafka.metrics.polling.interval.secs = 10
	kafka.metrics.reporters = []
	leader.imbalance.check.interval.seconds = 300
	leader.imbalance.per.broker.percentage = 10
	listener.security.protocol.map = PLAINTEXT:PLAINTEXT,SSL:SSL,SASL_PLAINTEXT:SASL_PLAINTEXT,SASL_SSL:SASL_SSL
	listeners = null
	log.cleaner.backoff.ms = 15000
	log.cleaner.dedupe.buffer.size = 134217728
	log.cleaner.delete.retention.ms = 86400000
	log.cleaner.enable = true
	log.cleaner.io.buffer.load.factor = 0.9
	log.cleaner.io.buffer.size = 524288
	log.cleaner.io.max.bytes.per.second = 1.7976931348623157E308
	log.cleaner.max.compaction.lag.ms = 9223372036854775807
	log.cleaner.min.cleanable.ratio = 0.5
	log.cleaner.min.compaction.lag.ms = 0
	log.cleaner.threads = 1
	log.cleanup.policy = [delete]
	log.dir = /tmp/kafka-logs
	log.dirs = kafka-logs
	log.flush.interval.messages = 9223372036854775807
	log.flush.interval.ms = null
	log.flush.offset.checkpoint.interval.ms = 60000
	log.flush.scheduler.interval.ms = 9223372036854775807
	log.flush.start.offset.checkpoint.interval.ms = 60000
	log.index.interval.bytes = 4096
	log.index.size.max.bytes = 10485760
	log.message.downconversion.enable = true
	log.message.format.version = 2.4-IV1
	log.message.timestamp.difference.max.ms = 9223372036854775807
	log.message.timestamp.type = CreateTime
	log.preallocate = false
	log.retention.bytes = -1
	log.retention.check.interval.ms = 300000
	log.retention.hours = 168
	log.retention.minutes = null
	log.retention.ms = null
	log.roll.hours = 168
	log.roll.jitter.hours = 0
	log.roll.jitter.ms = null
	log.roll.ms = null
	log.segment.bytes = 1073741824
	log.segment.delete.delay.ms = 60000
	max.connections = 2147483647
	max.connections.per.ip = 2147483647
	max.connections.per.ip.overrides = 
	max.incremental.fetch.session.cache.slots = 1000
	message.max.bytes = 1000012
	metric.reporters = []
	metrics.num.samples = 2
	metrics.recording.level = INFO
	metrics.sample.window.ms = 30000
	min.insync.replicas = 1
	num.io.threads = 8
	num.network.threads = 3
	num.partitions = 1
	num.recovery.threads.per.data.dir = 1
	num.replica.alter.log.dirs.threads = null
	num.replica.fetchers = 1
	offset.metadata.max.bytes = 4096
	offsets.commit.required.acks = -1
	offsets.commit.timeout.ms = 5000
	offsets.load.buffer.size = 5242880
	offsets.retention.check.interval.ms = 600000
	offsets.retention.minutes = 10080
	offsets.topic.compression.codec = 0
	offsets.topic.num.partitions = 50
	offsets.topic.replication.factor = 1
	offsets.topic.segment.bytes = 104857600
	password.encoder.cipher.algorithm = AES/CBC/PKCS5Padding
	password.encoder.iterations = 4096
	password.encoder.key.length = 128
	password.encoder.keyfactory.algorithm = null
	password.encoder.old.secret = null
	password.encoder.secret = null
	port = 9092
	principal.builder.class = null
	producer.purgatory.purge.interval.requests = 1000
	queued.max.request.bytes = -1
	queued.max.requests = 500
	quota.consumer.default = 9223372036854775807
	quota.producer.default = 9223372036854775807
	quota.window.num = 11
	quota.window.size.seconds = 1
	replica.fetch.backoff.ms = 1000
	replica.fetch.max.bytes = 1048576
	replica.fetch.min.bytes = 1
	replica.fetch.response.max.bytes = 10485760
	replica.fetch.wait.max.ms = 500
	replica.high.watermark.checkpoint.interval.ms = 5000
	replica.lag.time.max.ms = 10000
	replica.selector.class = null
	replica.socket.receive.buffer.bytes = 65536
	replica.socket.timeout.ms = 30000
	replication.quota.window.num = 11
	replication.quota.window.size.seconds = 1
	request.timeout.ms = 30000
	reserved.broker.max.id = 1000
	sasl.client.callback.handler.class = null
	sasl.enabled.mechanisms = [GSSAPI]
	sasl.jaas.config = null
	sasl.kerberos.kinit.cmd = /usr/bin/kinit
	sasl.kerberos.min.time.before.relogin = 60000
	sasl.kerberos.principal.to.local.rules = [DEFAULT]
	sasl.kerberos.service.name = null
	sasl.kerberos.ticket.renew.jitter = 0.05
	sasl.kerberos.ticket.renew.window.factor = 0.8
	sasl.login.callback.handler.class = null
	sasl.login.class = null
	sasl.login.refresh.buffer.seconds = 300
	sasl.login.refresh.min.period.seconds = 60
	sasl.login.refresh.window.factor = 0.8
	sasl.login.refresh.window.jitter = 0.05
	sasl.mechanism.inter.broker.protocol = GSSAPI
	sasl.server.callback.handler.class = null
	security.inter.broker.protocol = PLAINTEXT
	security.providers = null
	socket.receive.buffer.bytes = 102400
	socket.request.max.bytes = 104857600
	socket.send.buffer.bytes = 102400
	ssl.cipher.suites = []
	ssl.client.auth = none
	ssl.enabled.protocols = [TLSv1.2, TLSv1.1, TLSv1]
	ssl.endpoint.identification.algorithm = https
	ssl.key.password = null
	ssl.keymanager.algorithm = SunX509
	ssl.keystore.location = null
	ssl.keystore.password = null
	ssl.keystore.type = JKS
	ssl.principal.mapping.rules = DEFAULT
	ssl.protocol = TLS
	ssl.provider = null
	ssl.secure.random.implementation = null
	ssl.trustmanager.algorithm = PKIX
	ssl.truststore.location = null
	ssl.truststore.password = null
	ssl.truststore.type = JKS
	transaction.abort.timed.out.transaction.cleanup.interval.ms = 60000
	transaction.max.timeout.ms = 900000
	transaction.remove.expired.transaction.cleanup.interval.ms = 3600000
	transaction.state.log.load.buffer.size = 5242880
	transaction.state.log.min.isr = 1
	transaction.state.log.num.partitions = 50
	transaction.state.log.replication.factor = 1
	transaction.state.log.segment.bytes = 104857600
	transactional.id.expiration.ms = 604800000
	unclean.leader.election.enable = false
	zookeeper.connect = localhost:2181
	zookeeper.connection.timeout.ms = 6000
	zookeeper.max.in.flight.requests = 10
	zookeeper.session.timeout.ms = 6000
	zookeeper.set.acl = false
	zookeeper.sync.time.ms = 2000
 (kafka.server.KafkaConfig)
[2021-09-21 03:17:59,217] INFO KafkaConfig values: 
	advertised.host.name = null
	advertised.listeners = null
	advertised.port = null
	alter.config.policy.class.name = null
	alter.log.dirs.replication.quota.window.num = 11
	alter.log.dirs.replication.quota.window.size.seconds = 1
	authorizer.class.name = 
	auto.create.topics.enable = true
	auto.leader.rebalance.enable = true
	background.threads = 10
	broker.id = 0
	broker.id.generation.enable = true
	broker.rack = null
	client.quota.callback.class = null
	compression.type = producer
	connection.failed.authentication.delay.ms = 100
	connections.max.idle.ms = 600000
	connections.max.reauth.ms = 0
	control.plane.listener.name = null
	controlled.shutdown.enable = true
	controlled.shutdown.max.retries = 3
	controlled.shutdown.retry.backoff.ms = 5000
	controller.socket.timeout.ms = 30000
	create.topic.policy.class.name = null
	default.replication.factor = 1
	delegation.token.expiry.check.interval.ms = 3600000
	delegation.token.expiry.time.ms = 86400000
	delegation.token.master.key = null
	delegation.token.max.lifetime.ms = 604800000
	delete.records.purgatory.purge.interval.requests = 1
	delete.topic.enable = true
	fetch.purgatory.purge.interval.requests = 1000
	group.initial.rebalance.delay.ms = 0
	group.max.session.timeout.ms = 1800000
	group.max.size = 2147483647
	group.min.session.timeout.ms = 6000
	host.name = 
	inter.broker.listener.name = null
	inter.broker.protocol.version = 2.4-IV1
	kafka.metrics.polling.interval.secs = 10
	kafka.metrics.reporters = []
	leader.imbalance.check.interval.seconds = 300
	leader.imbalance.per.broker.percentage = 10
	listener.security.protocol.map = PLAINTEXT:PLAINTEXT,SSL:SSL,SASL_PLAINTEXT:SASL_PLAINTEXT,SASL_SSL:SASL_SSL
	listeners = null
	log.cleaner.backoff.ms = 15000
	log.cleaner.dedupe.buffer.size = 134217728
	log.cleaner.delete.retention.ms = 86400000
	log.cleaner.enable = true
	log.cleaner.io.buffer.load.factor = 0.9
	log.cleaner.io.buffer.size = 524288
	log.cleaner.io.max.bytes.per.second = 1.7976931348623157E308
	log.cleaner.max.compaction.lag.ms = 9223372036854775807
	log.cleaner.min.cleanable.ratio = 0.5
	log.cleaner.min.compaction.lag.ms = 0
	log.cleaner.threads = 1
	log.cleanup.policy = [delete]
	log.dir = /tmp/kafka-logs
	log.dirs = kafka-logs
	log.flush.interval.messages = 9223372036854775807
	log.flush.interval.ms = null
	log.flush.offset.checkpoint.interval.ms = 60000
	log.flush.scheduler.interval.ms = 9223372036854775807
	log.flush.start.offset.checkpoint.interval.ms = 60000
	log.index.interval.bytes = 4096
	log.index.size.max.bytes = 10485760
	log.message.downconversion.enable = true
	log.message.format.version = 2.4-IV1
	log.message.timestamp.difference.max.ms = 9223372036854775807
	log.message.timestamp.type = CreateTime
	log.preallocate = false
	log.retention.bytes = -1
	log.retention.check.interval.ms = 300000
	log.retention.hours = 168
	log.retention.minutes = null
	log.retention.ms = null
	log.roll.hours = 168
	log.roll.jitter.hours = 0
	log.roll.jitter.ms = null
	log.roll.ms = null
	log.segment.bytes = 1073741824
	log.segment.delete.delay.ms = 60000
	max.connections = 2147483647
	max.connections.per.ip = 2147483647
	max.connections.per.ip.overrides = 
	max.incremental.fetch.session.cache.slots = 1000
	message.max.bytes = 1000012
	metric.reporters = []
	metrics.num.samples = 2
	metrics.recording.level = INFO
	metrics.sample.window.ms = 30000
	min.insync.replicas = 1
	num.io.threads = 8
	num.network.threads = 3
	num.partitions = 1
	num.recovery.threads.per.data.dir = 1
	num.replica.alter.log.dirs.threads = null
	num.replica.fetchers = 1
	offset.metadata.max.bytes = 4096
	offsets.commit.required.acks = -1
	offsets.commit.timeout.ms = 5000
	offsets.load.buffer.size = 5242880
	offsets.retention.check.interval.ms = 600000
	offsets.retention.minutes = 10080
	offsets.topic.compression.codec = 0
	offsets.topic.num.partitions = 50
	offsets.topic.replication.factor = 1
	offsets.topic.segment.bytes = 104857600
	password.encoder.cipher.algorithm = AES/CBC/PKCS5Padding
	password.encoder.iterations = 4096
	password.encoder.key.length = 128
	password.encoder.keyfactory.algorithm = null
	password.encoder.old.secret = null
	password.encoder.secret = null
	port = 9092
	principal.builder.class = null
	producer.purgatory.purge.interval.requests = 1000
	queued.max.request.bytes = -1
	queued.max.requests = 500
	quota.consumer.default = 9223372036854775807
	quota.producer.default = 9223372036854775807
	quota.window.num = 11
	quota.window.size.seconds = 1
	replica.fetch.backoff.ms = 1000
	replica.fetch.max.bytes = 1048576
	replica.fetch.min.bytes = 1
	replica.fetch.response.max.bytes = 10485760
	replica.fetch.wait.max.ms = 500
	replica.high.watermark.checkpoint.interval.ms = 5000
	replica.lag.time.max.ms = 10000
	replica.selector.class = null
	replica.socket.receive.buffer.bytes = 65536
	replica.socket.timeout.ms = 30000
	replication.quota.window.num = 11
	replication.quota.window.size.seconds = 1
	request.timeout.ms = 30000
	reserved.broker.max.id = 1000
	sasl.client.callback.handler.class = null
	sasl.enabled.mechanisms = [GSSAPI]
	sasl.jaas.config = null
	sasl.kerberos.kinit.cmd = /usr/bin/kinit
	sasl.kerberos.min.time.before.relogin = 60000
	sasl.kerberos.principal.to.local.rules = [DEFAULT]
	sasl.kerberos.service.name = null
	sasl.kerberos.ticket.renew.jitter = 0.05
	sasl.kerberos.ticket.renew.window.factor = 0.8
	sasl.login.callback.handler.class = null
	sasl.login.class = null
	sasl.login.refresh.buffer.seconds = 300
	sasl.login.refresh.min.period.seconds = 60
	sasl.login.refresh.window.factor = 0.8
	sasl.login.refresh.window.jitter = 0.05
	sasl.mechanism.inter.broker.protocol = GSSAPI
	sasl.server.callback.handler.class = null
	security.inter.broker.protocol = PLAINTEXT
	security.providers = null
	socket.receive.buffer.bytes = 102400
	socket.request.max.bytes = 104857600
	socket.send.buffer.bytes = 102400
	ssl.cipher.suites = []
	ssl.client.auth = none
	ssl.enabled.protocols = [TLSv1.2, TLSv1.1, TLSv1]
	ssl.endpoint.identification.algorithm = https
	ssl.key.password = null
	ssl.keymanager.algorithm = SunX509
	ssl.keystore.location = null
	ssl.keystore.password = null
	ssl.keystore.type = JKS
	ssl.principal.mapping.rules = DEFAULT
	ssl.protocol = TLS
	ssl.provider = null
	ssl.secure.random.implementation = null
	ssl.trustmanager.algorithm = PKIX
	ssl.truststore.location = null
	ssl.truststore.password = null
	ssl.truststore.type = JKS
	transaction.abort.timed.out.transaction.cleanup.interval.ms = 60000
	transaction.max.timeout.ms = 900000
	transaction.remove.expired.transaction.cleanup.interval.ms = 3600000
	transaction.state.log.load.buffer.size = 5242880
	transaction.state.log.min.isr = 1
	transaction.state.log.num.partitions = 50
	transaction.state.log.replication.factor = 1
	transaction.state.log.segment.bytes = 104857600
	transactional.id.expiration.ms = 604800000
	unclean.leader.election.enable = false
	zookeeper.connect = localhost:2181
	zookeeper.connection.timeout.ms = 6000
	zookeeper.max.in.flight.requests = 10
	zookeeper.session.timeout.ms = 6000
	zookeeper.set.acl = false
	zookeeper.sync.time.ms = 2000
 (kafka.server.KafkaConfig)
[2021-09-21 03:17:59,441] INFO [ThrottledChannelReaper-Fetch]: Starting (kafka.server.ClientQuotaManager$ThrottledChannelReaper)
[2021-09-21 03:17:59,443] INFO [ThrottledChannelReaper-Produce]: Starting (kafka.server.ClientQuotaManager$ThrottledChannelReaper)
[2021-09-21 03:17:59,442] INFO [ThrottledChannelReaper-Request]: Starting (kafka.server.ClientQuotaManager$ThrottledChannelReaper)
[2021-09-21 03:17:59,488] INFO Loading logs. (kafka.log.LogManager)
[2021-09-21 03:17:59,737] INFO [Log partition=Carlos_Likes-0, dir=C:\Users\Equipo\Desktop\tpkafka\kafka\bin\windows\kafka-logs] Recovering unflushed segment 0 (kafka.log.Log)
[2021-09-21 03:17:59,748] INFO [Log partition=Carlos_Likes-0, dir=C:\Users\Equipo\Desktop\tpkafka\kafka\bin\windows\kafka-logs] Loading producer state till offset 0 with message format version 2 (kafka.log.Log)
[2021-09-21 03:17:59,908] INFO [ProducerStateManager partition=Carlos_Likes-0] Writing producer snapshot at offset 2 (kafka.log.ProducerStateManager)
[2021-09-21 03:18:00,099] INFO [Log partition=Carlos_Likes-0, dir=C:\Users\Equipo\Desktop\tpkafka\kafka\bin\windows\kafka-logs] Loading producer state till offset 2 with message format version 2 (kafka.log.Log)
[2021-09-21 03:18:00,112] INFO [ProducerStateManager partition=Carlos_Likes-0] Loading producer state from snapshot file 'C:\Users\Equipo\Desktop\tpkafka\kafka\bin\windows\kafka-logs\Carlos_Likes-0\00000000000000000002.snapshot' (kafka.log.ProducerStateManager)
[2021-09-21 03:18:00,124] INFO [Log partition=Carlos_Likes-0, dir=C:\Users\Equipo\Desktop\tpkafka\kafka\bin\windows\kafka-logs] Completed load of log with 1 segments, log start offset 0 and log end offset 2 in 573 ms (kafka.log.Log)
[2021-09-21 03:18:00,178] INFO [Log partition=Carlos_News-0, dir=C:\Users\Equipo\Desktop\tpkafka\kafka\bin\windows\kafka-logs] Recovering unflushed segment 0 (kafka.log.Log)
[2021-09-21 03:18:00,179] INFO [Log partition=Carlos_News-0, dir=C:\Users\Equipo\Desktop\tpkafka\kafka\bin\windows\kafka-logs] Loading producer state till offset 0 with message format version 2 (kafka.log.Log)
[2021-09-21 03:18:00,189] INFO [ProducerStateManager partition=Carlos_News-0] Writing producer snapshot at offset 2 (kafka.log.ProducerStateManager)
[2021-09-21 03:18:00,203] INFO [Log partition=Carlos_News-0, dir=C:\Users\Equipo\Desktop\tpkafka\kafka\bin\windows\kafka-logs] Loading producer state till offset 2 with message format version 2 (kafka.log.Log)
[2021-09-21 03:18:00,211] INFO [ProducerStateManager partition=Carlos_News-0] Loading producer state from snapshot file 'C:\Users\Equipo\Desktop\tpkafka\kafka\bin\windows\kafka-logs\Carlos_News-0\00000000000000000002.snapshot' (kafka.log.ProducerStateManager)
[2021-09-21 03:18:00,213] INFO [Log partition=Carlos_News-0, dir=C:\Users\Equipo\Desktop\tpkafka\kafka\bin\windows\kafka-logs] Completed load of log with 1 segments, log start offset 0 and log end offset 2 in 43 ms (kafka.log.Log)
[2021-09-21 03:18:00,235] INFO [Log partition=Carlos_Seguidores-0, dir=C:\Users\Equipo\Desktop\tpkafka\kafka\bin\windows\kafka-logs] Recovering unflushed segment 0 (kafka.log.Log)
[2021-09-21 03:18:00,236] INFO [Log partition=Carlos_Seguidores-0, dir=C:\Users\Equipo\Desktop\tpkafka\kafka\bin\windows\kafka-logs] Loading producer state till offset 0 with message format version 2 (kafka.log.Log)
[2021-09-21 03:18:00,250] INFO [ProducerStateManager partition=Carlos_Seguidores-0] Writing producer snapshot at offset 2 (kafka.log.ProducerStateManager)
[2021-09-21 03:18:00,273] INFO [Log partition=Carlos_Seguidores-0, dir=C:\Users\Equipo\Desktop\tpkafka\kafka\bin\windows\kafka-logs] Loading producer state till offset 2 with message format version 2 (kafka.log.Log)
[2021-09-21 03:18:00,278] INFO [ProducerStateManager partition=Carlos_Seguidores-0] Loading producer state from snapshot file 'C:\Users\Equipo\Desktop\tpkafka\kafka\bin\windows\kafka-logs\Carlos_Seguidores-0\00000000000000000002.snapshot' (kafka.log.ProducerStateManager)
[2021-09-21 03:18:00,279] INFO [Log partition=Carlos_Seguidores-0, dir=C:\Users\Equipo\Desktop\tpkafka\kafka\bin\windows\kafka-logs] Completed load of log with 1 segments, log start offset 0 and log end offset 2 in 51 ms (kafka.log.Log)
[2021-09-21 03:18:00,295] INFO [Log partition=Juan_Likes-0, dir=C:\Users\Equipo\Desktop\tpkafka\kafka\bin\windows\kafka-logs] Recovering unflushed segment 0 (kafka.log.Log)
[2021-09-21 03:18:00,296] INFO [Log partition=Juan_Likes-0, dir=C:\Users\Equipo\Desktop\tpkafka\kafka\bin\windows\kafka-logs] Loading producer state till offset 0 with message format version 2 (kafka.log.Log)
[2021-09-21 03:18:00,306] INFO [ProducerStateManager partition=Juan_Likes-0] Writing producer snapshot at offset 3 (kafka.log.ProducerStateManager)
[2021-09-21 03:18:00,323] INFO [Log partition=Juan_Likes-0, dir=C:\Users\Equipo\Desktop\tpkafka\kafka\bin\windows\kafka-logs] Loading producer state till offset 3 with message format version 2 (kafka.log.Log)
[2021-09-21 03:18:00,328] INFO [ProducerStateManager partition=Juan_Likes-0] Loading producer state from snapshot file 'C:\Users\Equipo\Desktop\tpkafka\kafka\bin\windows\kafka-logs\Juan_Likes-0\00000000000000000003.snapshot' (kafka.log.ProducerStateManager)
[2021-09-21 03:18:00,331] INFO [Log partition=Juan_Likes-0, dir=C:\Users\Equipo\Desktop\tpkafka\kafka\bin\windows\kafka-logs] Completed load of log with 1 segments, log start offset 0 and log end offset 3 in 43 ms (kafka.log.Log)
[2021-09-21 03:18:00,365] INFO [Log partition=Juan_News-0, dir=C:\Users\Equipo\Desktop\tpkafka\kafka\bin\windows\kafka-logs] Recovering unflushed segment 0 (kafka.log.Log)
[2021-09-21 03:18:00,366] INFO [Log partition=Juan_News-0, dir=C:\Users\Equipo\Desktop\tpkafka\kafka\bin\windows\kafka-logs] Loading producer state till offset 0 with message format version 2 (kafka.log.Log)
[2021-09-21 03:18:00,395] INFO [Log partition=Juan_News-0, dir=C:\Users\Equipo\Desktop\tpkafka\kafka\bin\windows\kafka-logs] Loading producer state till offset 0 with message format version 2 (kafka.log.Log)
[2021-09-21 03:18:00,398] INFO [Log partition=Juan_News-0, dir=C:\Users\Equipo\Desktop\tpkafka\kafka\bin\windows\kafka-logs] Completed load of log with 1 segments, log start offset 0 and log end offset 0 in 60 ms (kafka.log.Log)
[2021-09-21 03:18:00,419] INFO [Log partition=Juan_Seguidores-0, dir=C:\Users\Equipo\Desktop\tpkafka\kafka\bin\windows\kafka-logs] Recovering unflushed segment 0 (kafka.log.Log)
[2021-09-21 03:18:00,421] INFO [Log partition=Juan_Seguidores-0, dir=C:\Users\Equipo\Desktop\tpkafka\kafka\bin\windows\kafka-logs] Loading producer state till offset 0 with message format version 2 (kafka.log.Log)
[2021-09-21 03:18:00,429] INFO [ProducerStateManager partition=Juan_Seguidores-0] Writing producer snapshot at offset 2 (kafka.log.ProducerStateManager)
[2021-09-21 03:18:00,446] INFO [Log partition=Juan_Seguidores-0, dir=C:\Users\Equipo\Desktop\tpkafka\kafka\bin\windows\kafka-logs] Loading producer state till offset 2 with message format version 2 (kafka.log.Log)
[2021-09-21 03:18:00,449] INFO [ProducerStateManager partition=Juan_Seguidores-0] Loading producer state from snapshot file 'C:\Users\Equipo\Desktop\tpkafka\kafka\bin\windows\kafka-logs\Juan_Seguidores-0\00000000000000000002.snapshot' (kafka.log.ProducerStateManager)
[2021-09-21 03:18:00,451] INFO [Log partition=Juan_Seguidores-0, dir=C:\Users\Equipo\Desktop\tpkafka\kafka\bin\windows\kafka-logs] Completed load of log with 1 segments, log start offset 0 and log end offset 2 in 40 ms (kafka.log.Log)
[2021-09-21 03:18:00,468] INFO [Log partition=Laura_Likes-0, dir=C:\Users\Equipo\Desktop\tpkafka\kafka\bin\windows\kafka-logs] Recovering unflushed segment 0 (kafka.log.Log)
[2021-09-21 03:18:00,469] INFO [Log partition=Laura_Likes-0, dir=C:\Users\Equipo\Desktop\tpkafka\kafka\bin\windows\kafka-logs] Loading producer state till offset 0 with message format version 2 (kafka.log.Log)
[2021-09-21 03:18:00,488] INFO [Log partition=Laura_Likes-0, dir=C:\Users\Equipo\Desktop\tpkafka\kafka\bin\windows\kafka-logs] Loading producer state till offset 0 with message format version 2 (kafka.log.Log)
[2021-09-21 03:18:00,497] INFO [Log partition=Laura_Likes-0, dir=C:\Users\Equipo\Desktop\tpkafka\kafka\bin\windows\kafka-logs] Completed load of log with 1 segments, log start offset 0 and log end offset 0 in 39 ms (kafka.log.Log)
[2021-09-21 03:18:00,524] INFO [Log partition=Laura_News-0, dir=C:\Users\Equipo\Desktop\tpkafka\kafka\bin\windows\kafka-logs] Recovering unflushed segment 0 (kafka.log.Log)
[2021-09-21 03:18:00,526] INFO [Log partition=Laura_News-0, dir=C:\Users\Equipo\Desktop\tpkafka\kafka\bin\windows\kafka-logs] Loading producer state till offset 0 with message format version 2 (kafka.log.Log)
[2021-09-21 03:18:00,533] INFO [ProducerStateManager partition=Laura_News-0] Writing producer snapshot at offset 1 (kafka.log.ProducerStateManager)
[2021-09-21 03:18:00,550] INFO [Log partition=Laura_News-0, dir=C:\Users\Equipo\Desktop\tpkafka\kafka\bin\windows\kafka-logs] Loading producer state till offset 1 with message format version 2 (kafka.log.Log)
[2021-09-21 03:18:00,555] INFO [ProducerStateManager partition=Laura_News-0] Loading producer state from snapshot file 'C:\Users\Equipo\Desktop\tpkafka\kafka\bin\windows\kafka-logs\Laura_News-0\00000000000000000001.snapshot' (kafka.log.ProducerStateManager)
[2021-09-21 03:18:00,556] INFO [Log partition=Laura_News-0, dir=C:\Users\Equipo\Desktop\tpkafka\kafka\bin\windows\kafka-logs] Completed load of log with 1 segments, log start offset 0 and log end offset 1 in 41 ms (kafka.log.Log)
[2021-09-21 03:18:00,575] INFO [Log partition=Laura_Seguidores-0, dir=C:\Users\Equipo\Desktop\tpkafka\kafka\bin\windows\kafka-logs] Recovering unflushed segment 0 (kafka.log.Log)
[2021-09-21 03:18:00,576] INFO [Log partition=Laura_Seguidores-0, dir=C:\Users\Equipo\Desktop\tpkafka\kafka\bin\windows\kafka-logs] Loading producer state till offset 0 with message format version 2 (kafka.log.Log)
[2021-09-21 03:18:00,595] INFO [Log partition=Laura_Seguidores-0, dir=C:\Users\Equipo\Desktop\tpkafka\kafka\bin\windows\kafka-logs] Loading producer state till offset 0 with message format version 2 (kafka.log.Log)
[2021-09-21 03:18:00,599] INFO [Log partition=Laura_Seguidores-0, dir=C:\Users\Equipo\Desktop\tpkafka\kafka\bin\windows\kafka-logs] Completed load of log with 1 segments, log start offset 0 and log end offset 0 in 33 ms (kafka.log.Log)
[2021-09-21 03:18:00,632] INFO [Log partition=Marta_Likes-0, dir=C:\Users\Equipo\Desktop\tpkafka\kafka\bin\windows\kafka-logs] Recovering unflushed segment 0 (kafka.log.Log)
[2021-09-21 03:18:00,633] INFO [Log partition=Marta_Likes-0, dir=C:\Users\Equipo\Desktop\tpkafka\kafka\bin\windows\kafka-logs] Loading producer state till offset 0 with message format version 2 (kafka.log.Log)
[2021-09-21 03:18:00,649] INFO [Log partition=Marta_Likes-0, dir=C:\Users\Equipo\Desktop\tpkafka\kafka\bin\windows\kafka-logs] Loading producer state till offset 0 with message format version 2 (kafka.log.Log)
[2021-09-21 03:18:00,653] INFO [Log partition=Marta_Likes-0, dir=C:\Users\Equipo\Desktop\tpkafka\kafka\bin\windows\kafka-logs] Completed load of log with 1 segments, log start offset 0 and log end offset 0 in 30 ms (kafka.log.Log)
[2021-09-21 03:18:00,667] INFO [Log partition=Marta_News-0, dir=C:\Users\Equipo\Desktop\tpkafka\kafka\bin\windows\kafka-logs] Recovering unflushed segment 0 (kafka.log.Log)
[2021-09-21 03:18:00,668] INFO [Log partition=Marta_News-0, dir=C:\Users\Equipo\Desktop\tpkafka\kafka\bin\windows\kafka-logs] Loading producer state till offset 0 with message format version 2 (kafka.log.Log)
[2021-09-21 03:18:00,678] INFO [ProducerStateManager partition=Marta_News-0] Writing producer snapshot at offset 4 (kafka.log.ProducerStateManager)
[2021-09-21 03:18:00,715] INFO [Log partition=Marta_News-0, dir=C:\Users\Equipo\Desktop\tpkafka\kafka\bin\windows\kafka-logs] Loading producer state till offset 4 with message format version 2 (kafka.log.Log)
[2021-09-21 03:18:00,720] INFO [ProducerStateManager partition=Marta_News-0] Loading producer state from snapshot file 'C:\Users\Equipo\Desktop\tpkafka\kafka\bin\windows\kafka-logs\Marta_News-0\00000000000000000004.snapshot' (kafka.log.ProducerStateManager)
[2021-09-21 03:18:00,723] INFO [Log partition=Marta_News-0, dir=C:\Users\Equipo\Desktop\tpkafka\kafka\bin\windows\kafka-logs] Completed load of log with 1 segments, log start offset 0 and log end offset 4 in 63 ms (kafka.log.Log)
[2021-09-21 03:18:00,735] INFO [Log partition=Marta_Seguidores-0, dir=C:\Users\Equipo\Desktop\tpkafka\kafka\bin\windows\kafka-logs] Recovering unflushed segment 0 (kafka.log.Log)
[2021-09-21 03:18:00,736] INFO [Log partition=Marta_Seguidores-0, dir=C:\Users\Equipo\Desktop\tpkafka\kafka\bin\windows\kafka-logs] Loading producer state till offset 0 with message format version 2 (kafka.log.Log)
[2021-09-21 03:18:00,746] INFO [ProducerStateManager partition=Marta_Seguidores-0] Writing producer snapshot at offset 1 (kafka.log.ProducerStateManager)
[2021-09-21 03:18:00,764] INFO [Log partition=Marta_Seguidores-0, dir=C:\Users\Equipo\Desktop\tpkafka\kafka\bin\windows\kafka-logs] Loading producer state till offset 1 with message format version 2 (kafka.log.Log)
[2021-09-21 03:18:00,769] INFO [ProducerStateManager partition=Marta_Seguidores-0] Loading producer state from snapshot file 'C:\Users\Equipo\Desktop\tpkafka\kafka\bin\windows\kafka-logs\Marta_Seguidores-0\00000000000000000001.snapshot' (kafka.log.ProducerStateManager)
[2021-09-21 03:18:00,772] INFO [Log partition=Marta_Seguidores-0, dir=C:\Users\Equipo\Desktop\tpkafka\kafka\bin\windows\kafka-logs] Completed load of log with 1 segments, log start offset 0 and log end offset 1 in 43 ms (kafka.log.Log)
[2021-09-21 03:18:00,783] INFO Logs loading complete in 1294 ms. (kafka.log.LogManager)
[2021-09-21 03:18:00,814] INFO Starting log cleanup with a period of 300000 ms. (kafka.log.LogManager)
[2021-09-21 03:18:00,817] INFO Starting log flusher with a default period of 9223372036854775807 ms. (kafka.log.LogManager)
[2021-09-21 03:18:02,789] INFO Awaiting socket connections on 0.0.0.0:9092. (kafka.network.Acceptor)
[2021-09-21 03:18:02,914] INFO [SocketServer brokerId=0] Created data-plane acceptor and processors for endpoint : EndPoint(null,9092,ListenerName(PLAINTEXT),PLAINTEXT) (kafka.network.SocketServer)
[2021-09-21 03:18:02,917] INFO [SocketServer brokerId=0] Started 1 acceptor threads for data-plane (kafka.network.SocketServer)
[2021-09-21 03:18:03,010] INFO [LogDirFailureHandler]: Starting (kafka.server.ReplicaManager$LogDirFailureHandler)
[2021-09-21 03:18:03,011] INFO [ExpirationReaper-0-ElectLeader]: Starting (kafka.server.DelayedOperationPurgatory$ExpiredOperationReaper)
[2021-09-21 03:18:03,011] INFO [ExpirationReaper-0-DeleteRecords]: Starting (kafka.server.DelayedOperationPurgatory$ExpiredOperationReaper)
[2021-09-21 03:18:03,012] INFO [ExpirationReaper-0-Produce]: Starting (kafka.server.DelayedOperationPurgatory$ExpiredOperationReaper)
[2021-09-21 03:18:03,011] INFO [ExpirationReaper-0-Fetch]: Starting (kafka.server.DelayedOperationPurgatory$ExpiredOperationReaper)
[2021-09-21 03:18:03,258] INFO Creating /brokers/ids/0 (is it secure? false) (kafka.zk.KafkaZkClient)
[2021-09-21 03:18:03,410] INFO Stat of the created znode at /brokers/ids/0 is: 116,116,1632205083341,1632205083341,1,0,0,72059038476926976,188,0,116
 (kafka.zk.KafkaZkClient)
[2021-09-21 03:18:03,415] INFO Registered broker 0 at path /brokers/ids/0 with addresses: ArraySeq(EndPoint(10.0.2.15,9092,ListenerName(PLAINTEXT),PLAINTEXT)), czxid (broker epoch): 116 (kafka.zk.KafkaZkClient)
[2021-09-21 03:18:03,569] INFO [ExpirationReaper-0-Rebalance]: Starting (kafka.server.DelayedOperationPurgatory$ExpiredOperationReaper)
[2021-09-21 03:18:03,571] INFO [ExpirationReaper-0-topic]: Starting (kafka.server.DelayedOperationPurgatory$ExpiredOperationReaper)
[2021-09-21 03:18:03,570] INFO [ExpirationReaper-0-Heartbeat]: Starting (kafka.server.DelayedOperationPurgatory$ExpiredOperationReaper)
[2021-09-21 03:18:03,862] INFO [GroupCoordinator 0]: Starting up. (kafka.coordinator.group.GroupCoordinator)
[2021-09-21 03:18:03,866] INFO [GroupCoordinator 0]: Startup complete. (kafka.coordinator.group.GroupCoordinator)
[2021-09-21 03:18:03,990] INFO [GroupMetadataManager brokerId=0] Removed 0 expired offsets in 76 milliseconds. (kafka.coordinator.group.GroupMetadataManager)
[2021-09-21 03:18:04,224] INFO [ProducerId Manager 0]: Acquired new producerId block (brokerId:0,blockStartProducerId:1000,blockEndProducerId:1999) by writing to Zk with path version 2 (kafka.coordinator.transaction.ProducerIdManager)
[2021-09-21 03:18:04,288] INFO [TransactionCoordinator id=0] Starting up. (kafka.coordinator.transaction.TransactionCoordinator)
[2021-09-21 03:18:04,293] INFO [TransactionCoordinator id=0] Startup complete. (kafka.coordinator.transaction.TransactionCoordinator)
[2021-09-21 03:18:04,325] INFO [Transaction Marker Channel Manager 0]: Starting (kafka.coordinator.transaction.TransactionMarkerChannelManager)
[2021-09-21 03:18:05,110] INFO [ExpirationReaper-0-AlterAcls]: Starting (kafka.server.DelayedOperationPurgatory$ExpiredOperationReaper)
[2021-09-21 03:18:05,283] INFO [/config/changes-event-process-thread]: Starting (kafka.common.ZkNodeChangeNotificationListener$ChangeEventProcessThread)
[2021-09-21 03:18:05,520] INFO [SocketServer brokerId=0] Started data-plane processors for 1 acceptors (kafka.network.SocketServer)
[2021-09-21 03:18:05,692] INFO Kafka version: 2.4.0 (org.apache.kafka.common.utils.AppInfoParser)
[2021-09-21 03:18:05,719] INFO Kafka commitId: 77a89fcf8d7fa018 (org.apache.kafka.common.utils.AppInfoParser)
[2021-09-21 03:18:05,736] INFO Kafka startTimeMs: 1632205085523 (org.apache.kafka.common.utils.AppInfoParser)
[2021-09-21 03:18:05,741] INFO [KafkaServer id=0] started (kafka.server.KafkaServer)
[2021-09-21 03:18:05,801] INFO [ReplicaFetcherManager on broker 0] Removed fetcher for partitions HashSet(Laura_Likes-0, Carlos_News-0, Juan_News-0, Laura_Seguidores-0, Carlos_Likes-0, Marta_Seguidores-0, Juan_Seguidores-0, Marta_News-0, Laura_News-0, Juan_Likes-0, Marta_Likes-0, Carlos_Seguidores-0) (kafka.server.ReplicaFetcherManager)
[2021-09-21 03:18:05,882] INFO [Partition Carlos_News-0 broker=0] Log loaded for partition Carlos_News-0 with initial high watermark 2 (kafka.cluster.Partition)
[2021-09-21 03:18:05,885] INFO [Partition Carlos_News-0 broker=0] Carlos_News-0 starts at Leader Epoch 0 from offset 2. Previous Leader Epoch was: -1 (kafka.cluster.Partition)
[2021-09-21 03:18:05,923] INFO [Partition Laura_Seguidores-0 broker=0] Log loaded for partition Laura_Seguidores-0 with initial high watermark 0 (kafka.cluster.Partition)
[2021-09-21 03:18:05,925] INFO [Partition Laura_Seguidores-0 broker=0] Laura_Seguidores-0 starts at Leader Epoch 0 from offset 0. Previous Leader Epoch was: -1 (kafka.cluster.Partition)
[2021-09-21 03:18:05,944] INFO [Partition Marta_News-0 broker=0] Log loaded for partition Marta_News-0 with initial high watermark 4 (kafka.cluster.Partition)
[2021-09-21 03:18:05,945] INFO [Partition Marta_News-0 broker=0] Marta_News-0 starts at Leader Epoch 0 from offset 4. Previous Leader Epoch was: -1 (kafka.cluster.Partition)
[2021-09-21 03:18:05,950] INFO [Partition Marta_Seguidores-0 broker=0] Log loaded for partition Marta_Seguidores-0 with initial high watermark 1 (kafka.cluster.Partition)
[2021-09-21 03:18:05,951] INFO [Partition Marta_Seguidores-0 broker=0] Marta_Seguidores-0 starts at Leader Epoch 0 from offset 1. Previous Leader Epoch was: -1 (kafka.cluster.Partition)
[2021-09-21 03:18:05,991] INFO [Partition Juan_Likes-0 broker=0] Log loaded for partition Juan_Likes-0 with initial high watermark 3 (kafka.cluster.Partition)
[2021-09-21 03:18:05,992] INFO [Partition Juan_Likes-0 broker=0] Juan_Likes-0 starts at Leader Epoch 0 from offset 3. Previous Leader Epoch was: -1 (kafka.cluster.Partition)
[2021-09-21 03:18:05,996] INFO [Partition Carlos_Seguidores-0 broker=0] Log loaded for partition Carlos_Seguidores-0 with initial high watermark 2 (kafka.cluster.Partition)
[2021-09-21 03:18:05,998] INFO [Partition Carlos_Seguidores-0 broker=0] Carlos_Seguidores-0 starts at Leader Epoch 0 from offset 2. Previous Leader Epoch was: -1 (kafka.cluster.Partition)
[2021-09-21 03:18:06,005] INFO [Partition Laura_News-0 broker=0] Log loaded for partition Laura_News-0 with initial high watermark 1 (kafka.cluster.Partition)
[2021-09-21 03:18:06,006] INFO [Partition Laura_News-0 broker=0] Laura_News-0 starts at Leader Epoch 0 from offset 1. Previous Leader Epoch was: -1 (kafka.cluster.Partition)
[2021-09-21 03:18:06,066] INFO [Partition Juan_Seguidores-0 broker=0] Log loaded for partition Juan_Seguidores-0 with initial high watermark 2 (kafka.cluster.Partition)
[2021-09-21 03:18:06,067] INFO [Partition Juan_Seguidores-0 broker=0] Juan_Seguidores-0 starts at Leader Epoch 0 from offset 2. Previous Leader Epoch was: -1 (kafka.cluster.Partition)
[2021-09-21 03:18:06,075] INFO [Partition Laura_Likes-0 broker=0] Log loaded for partition Laura_Likes-0 with initial high watermark 0 (kafka.cluster.Partition)
[2021-09-21 03:18:06,077] INFO [Partition Laura_Likes-0 broker=0] Laura_Likes-0 starts at Leader Epoch 0 from offset 0. Previous Leader Epoch was: -1 (kafka.cluster.Partition)
[2021-09-21 03:18:06,092] INFO [Partition Juan_News-0 broker=0] Log loaded for partition Juan_News-0 with initial high watermark 0 (kafka.cluster.Partition)
[2021-09-21 03:18:06,094] INFO [Partition Juan_News-0 broker=0] Juan_News-0 starts at Leader Epoch 0 from offset 0. Previous Leader Epoch was: -1 (kafka.cluster.Partition)
[2021-09-21 03:18:06,118] INFO [Partition Carlos_Likes-0 broker=0] Log loaded for partition Carlos_Likes-0 with initial high watermark 2 (kafka.cluster.Partition)
[2021-09-21 03:18:06,120] INFO [Partition Carlos_Likes-0 broker=0] Carlos_Likes-0 starts at Leader Epoch 0 from offset 2. Previous Leader Epoch was: -1 (kafka.cluster.Partition)
[2021-09-21 03:18:06,131] INFO [Partition Marta_Likes-0 broker=0] Log loaded for partition Marta_Likes-0 with initial high watermark 0 (kafka.cluster.Partition)
[2021-09-21 03:18:06,132] INFO [Partition Marta_Likes-0 broker=0] Marta_Likes-0 starts at Leader Epoch 0 from offset 0. Previous Leader Epoch was: -1 (kafka.cluster.Partition)
[2021-09-21 03:21:22,592] WARN Exception causing close of session 0x10001504f460000: Se ha forzado la interrupcin de una conexin existente por el host remoto (org.apache.zookeeper.server.NIOServerCnxn)
