[2021-09-21 03:17:24,873] DEBUG preRegister called. Server=com.sun.jmx.mbeanserver.JmxMBeanServer@d3c617, name=log4j:logger=state.change.logger (state.change.logger)
[2021-09-21 03:18:05,047] TRACE [Controller id=0 epoch=2] Changed state of replica 0 for partition Marta_Likes-0 from OnlineReplica to OnlineReplica (state.change.logger)
[2021-09-21 03:18:05,047] TRACE [Controller id=0 epoch=2] Changed state of replica 0 for partition Juan_Likes-0 from OnlineReplica to OnlineReplica (state.change.logger)
[2021-09-21 03:18:05,047] TRACE [Controller id=0 epoch=2] Changed state of replica 0 for partition Carlos_Likes-0 from OnlineReplica to OnlineReplica (state.change.logger)
[2021-09-21 03:18:05,048] TRACE [Controller id=0 epoch=2] Changed state of replica 0 for partition Laura_News-0 from OnlineReplica to OnlineReplica (state.change.logger)
[2021-09-21 03:18:05,048] TRACE [Controller id=0 epoch=2] Changed state of replica 0 for partition Juan_News-0 from OnlineReplica to OnlineReplica (state.change.logger)
[2021-09-21 03:18:05,048] TRACE [Controller id=0 epoch=2] Changed state of replica 0 for partition Juan_Seguidores-0 from OnlineReplica to OnlineReplica (state.change.logger)
[2021-09-21 03:18:05,048] TRACE [Controller id=0 epoch=2] Changed state of replica 0 for partition Marta_Seguidores-0 from OnlineReplica to OnlineReplica (state.change.logger)
[2021-09-21 03:18:05,048] TRACE [Controller id=0 epoch=2] Changed state of replica 0 for partition Carlos_News-0 from OnlineReplica to OnlineReplica (state.change.logger)
[2021-09-21 03:18:05,048] TRACE [Controller id=0 epoch=2] Changed state of replica 0 for partition Carlos_Seguidores-0 from OnlineReplica to OnlineReplica (state.change.logger)
[2021-09-21 03:18:05,048] TRACE [Controller id=0 epoch=2] Changed state of replica 0 for partition Laura_Seguidores-0 from OnlineReplica to OnlineReplica (state.change.logger)
[2021-09-21 03:18:05,048] TRACE [Controller id=0 epoch=2] Changed state of replica 0 for partition Marta_News-0 from OnlineReplica to OnlineReplica (state.change.logger)
[2021-09-21 03:18:05,048] TRACE [Controller id=0 epoch=2] Changed state of replica 0 for partition Laura_Likes-0 from OnlineReplica to OnlineReplica (state.change.logger)
[2021-09-21 03:18:05,052] TRACE [Controller id=0 epoch=2] Sending become-leader LeaderAndIsr request LeaderAndIsrPartitionState(topicName='Carlos_News', partitionIndex=0, controllerEpoch=1, leader=0, leaderEpoch=0, isr=[0], zkVersion=0, replicas=[0], addingReplicas=[], removingReplicas=[], isNew=false) to broker 0 for partition Carlos_News-0 (state.change.logger)
[2021-09-21 03:18:05,052] TRACE [Controller id=0 epoch=2] Sending become-leader LeaderAndIsr request LeaderAndIsrPartitionState(topicName='Laura_Seguidores', partitionIndex=0, controllerEpoch=1, leader=0, leaderEpoch=0, isr=[0], zkVersion=0, replicas=[0], addingReplicas=[], removingReplicas=[], isNew=false) to broker 0 for partition Laura_Seguidores-0 (state.change.logger)
[2021-09-21 03:18:05,052] TRACE [Controller id=0 epoch=2] Sending become-leader LeaderAndIsr request LeaderAndIsrPartitionState(topicName='Marta_News', partitionIndex=0, controllerEpoch=1, leader=0, leaderEpoch=0, isr=[0], zkVersion=0, replicas=[0], addingReplicas=[], removingReplicas=[], isNew=false) to broker 0 for partition Marta_News-0 (state.change.logger)
[2021-09-21 03:18:05,052] TRACE [Controller id=0 epoch=2] Sending become-leader LeaderAndIsr request LeaderAndIsrPartitionState(topicName='Juan_Likes', partitionIndex=0, controllerEpoch=1, leader=0, leaderEpoch=0, isr=[0], zkVersion=0, replicas=[0], addingReplicas=[], removingReplicas=[], isNew=false) to broker 0 for partition Juan_Likes-0 (state.change.logger)
[2021-09-21 03:18:05,052] TRACE [Controller id=0 epoch=2] Sending become-leader LeaderAndIsr request LeaderAndIsrPartitionState(topicName='Carlos_Seguidores', partitionIndex=0, controllerEpoch=1, leader=0, leaderEpoch=0, isr=[0], zkVersion=0, replicas=[0], addingReplicas=[], removingReplicas=[], isNew=false) to broker 0 for partition Carlos_Seguidores-0 (state.change.logger)
[2021-09-21 03:18:05,052] TRACE [Controller id=0 epoch=2] Sending become-leader LeaderAndIsr request LeaderAndIsrPartitionState(topicName='Marta_Likes', partitionIndex=0, controllerEpoch=1, leader=0, leaderEpoch=0, isr=[0], zkVersion=0, replicas=[0], addingReplicas=[], removingReplicas=[], isNew=false) to broker 0 for partition Marta_Likes-0 (state.change.logger)
[2021-09-21 03:18:05,052] TRACE [Controller id=0 epoch=2] Sending become-leader LeaderAndIsr request LeaderAndIsrPartitionState(topicName='Juan_Seguidores', partitionIndex=0, controllerEpoch=1, leader=0, leaderEpoch=0, isr=[0], zkVersion=0, replicas=[0], addingReplicas=[], removingReplicas=[], isNew=false) to broker 0 for partition Juan_Seguidores-0 (state.change.logger)
[2021-09-21 03:18:05,052] TRACE [Controller id=0 epoch=2] Sending become-leader LeaderAndIsr request LeaderAndIsrPartitionState(topicName='Laura_Likes', partitionIndex=0, controllerEpoch=1, leader=0, leaderEpoch=0, isr=[0], zkVersion=0, replicas=[0], addingReplicas=[], removingReplicas=[], isNew=false) to broker 0 for partition Laura_Likes-0 (state.change.logger)
[2021-09-21 03:18:05,052] TRACE [Controller id=0 epoch=2] Sending become-leader LeaderAndIsr request LeaderAndIsrPartitionState(topicName='Laura_News', partitionIndex=0, controllerEpoch=1, leader=0, leaderEpoch=0, isr=[0], zkVersion=0, replicas=[0], addingReplicas=[], removingReplicas=[], isNew=false) to broker 0 for partition Laura_News-0 (state.change.logger)
[2021-09-21 03:18:05,052] TRACE [Controller id=0 epoch=2] Sending become-leader LeaderAndIsr request LeaderAndIsrPartitionState(topicName='Marta_Seguidores', partitionIndex=0, controllerEpoch=1, leader=0, leaderEpoch=0, isr=[0], zkVersion=0, replicas=[0], addingReplicas=[], removingReplicas=[], isNew=false) to broker 0 for partition Marta_Seguidores-0 (state.change.logger)
[2021-09-21 03:18:05,052] TRACE [Controller id=0 epoch=2] Sending become-leader LeaderAndIsr request LeaderAndIsrPartitionState(topicName='Juan_News', partitionIndex=0, controllerEpoch=1, leader=0, leaderEpoch=0, isr=[0], zkVersion=0, replicas=[0], addingReplicas=[], removingReplicas=[], isNew=false) to broker 0 for partition Juan_News-0 (state.change.logger)
[2021-09-21 03:18:05,052] TRACE [Controller id=0 epoch=2] Sending become-leader LeaderAndIsr request LeaderAndIsrPartitionState(topicName='Carlos_Likes', partitionIndex=0, controllerEpoch=1, leader=0, leaderEpoch=0, isr=[0], zkVersion=0, replicas=[0], addingReplicas=[], removingReplicas=[], isNew=false) to broker 0 for partition Carlos_Likes-0 (state.change.logger)
[2021-09-21 03:18:05,057] TRACE [Controller id=0 epoch=2] Sending UpdateMetadata request UpdateMetadataPartitionState(topicName='Carlos_News', partitionIndex=0, controllerEpoch=1, leader=0, leaderEpoch=0, isr=[0], zkVersion=0, replicas=[0], offlineReplicas=[]) to brokers HashSet(0) for partition Carlos_News-0 (state.change.logger)
[2021-09-21 03:18:05,057] TRACE [Controller id=0 epoch=2] Sending UpdateMetadata request UpdateMetadataPartitionState(topicName='Laura_Seguidores', partitionIndex=0, controllerEpoch=1, leader=0, leaderEpoch=0, isr=[0], zkVersion=0, replicas=[0], offlineReplicas=[]) to brokers HashSet(0) for partition Laura_Seguidores-0 (state.change.logger)
[2021-09-21 03:18:05,057] TRACE [Controller id=0 epoch=2] Sending UpdateMetadata request UpdateMetadataPartitionState(topicName='Marta_News', partitionIndex=0, controllerEpoch=1, leader=0, leaderEpoch=0, isr=[0], zkVersion=0, replicas=[0], offlineReplicas=[]) to brokers HashSet(0) for partition Marta_News-0 (state.change.logger)
[2021-09-21 03:18:05,057] TRACE [Controller id=0 epoch=2] Sending UpdateMetadata request UpdateMetadataPartitionState(topicName='Juan_Likes', partitionIndex=0, controllerEpoch=1, leader=0, leaderEpoch=0, isr=[0], zkVersion=0, replicas=[0], offlineReplicas=[]) to brokers HashSet(0) for partition Juan_Likes-0 (state.change.logger)
[2021-09-21 03:18:05,057] TRACE [Controller id=0 epoch=2] Sending UpdateMetadata request UpdateMetadataPartitionState(topicName='Carlos_Seguidores', partitionIndex=0, controllerEpoch=1, leader=0, leaderEpoch=0, isr=[0], zkVersion=0, replicas=[0], offlineReplicas=[]) to brokers HashSet(0) for partition Carlos_Seguidores-0 (state.change.logger)
[2021-09-21 03:18:05,057] TRACE [Controller id=0 epoch=2] Sending UpdateMetadata request UpdateMetadataPartitionState(topicName='Marta_Likes', partitionIndex=0, controllerEpoch=1, leader=0, leaderEpoch=0, isr=[0], zkVersion=0, replicas=[0], offlineReplicas=[]) to brokers HashSet(0) for partition Marta_Likes-0 (state.change.logger)
[2021-09-21 03:18:05,057] TRACE [Controller id=0 epoch=2] Sending UpdateMetadata request UpdateMetadataPartitionState(topicName='Juan_Seguidores', partitionIndex=0, controllerEpoch=1, leader=0, leaderEpoch=0, isr=[0], zkVersion=0, replicas=[0], offlineReplicas=[]) to brokers HashSet(0) for partition Juan_Seguidores-0 (state.change.logger)
[2021-09-21 03:18:05,057] TRACE [Controller id=0 epoch=2] Sending UpdateMetadata request UpdateMetadataPartitionState(topicName='Laura_Likes', partitionIndex=0, controllerEpoch=1, leader=0, leaderEpoch=0, isr=[0], zkVersion=0, replicas=[0], offlineReplicas=[]) to brokers HashSet(0) for partition Laura_Likes-0 (state.change.logger)
[2021-09-21 03:18:05,057] TRACE [Controller id=0 epoch=2] Sending UpdateMetadata request UpdateMetadataPartitionState(topicName='Laura_News', partitionIndex=0, controllerEpoch=1, leader=0, leaderEpoch=0, isr=[0], zkVersion=0, replicas=[0], offlineReplicas=[]) to brokers HashSet(0) for partition Laura_News-0 (state.change.logger)
[2021-09-21 03:18:05,057] TRACE [Controller id=0 epoch=2] Sending UpdateMetadata request UpdateMetadataPartitionState(topicName='Marta_Seguidores', partitionIndex=0, controllerEpoch=1, leader=0, leaderEpoch=0, isr=[0], zkVersion=0, replicas=[0], offlineReplicas=[]) to brokers HashSet(0) for partition Marta_Seguidores-0 (state.change.logger)
[2021-09-21 03:18:05,057] TRACE [Controller id=0 epoch=2] Sending UpdateMetadata request UpdateMetadataPartitionState(topicName='Juan_News', partitionIndex=0, controllerEpoch=1, leader=0, leaderEpoch=0, isr=[0], zkVersion=0, replicas=[0], offlineReplicas=[]) to brokers HashSet(0) for partition Juan_News-0 (state.change.logger)
[2021-09-21 03:18:05,057] TRACE [Controller id=0 epoch=2] Sending UpdateMetadata request UpdateMetadataPartitionState(topicName='Carlos_Likes', partitionIndex=0, controllerEpoch=1, leader=0, leaderEpoch=0, isr=[0], zkVersion=0, replicas=[0], offlineReplicas=[]) to brokers HashSet(0) for partition Carlos_Likes-0 (state.change.logger)
[2021-09-21 03:18:05,695] TRACE [Controller id=0 epoch=2] Received response {error_code=0,_tagged_fields={}} for request UPDATE_METADATA with correlation id 0 sent to broker 10.0.2.15:9092 (id: 0 rack: null) (state.change.logger)
[2021-09-21 03:18:05,732] TRACE [Broker id=0] Received LeaderAndIsr request LeaderAndIsrPartitionState(topicName='Marta_Likes', partitionIndex=0, controllerEpoch=1, leader=0, leaderEpoch=0, isr=[0], zkVersion=0, replicas=[0], addingReplicas=[], removingReplicas=[], isNew=false) correlation id 1 from controller 0 epoch 2 (state.change.logger)
[2021-09-21 03:18:05,732] TRACE [Broker id=0] Received LeaderAndIsr request LeaderAndIsrPartitionState(topicName='Carlos_Seguidores', partitionIndex=0, controllerEpoch=1, leader=0, leaderEpoch=0, isr=[0], zkVersion=0, replicas=[0], addingReplicas=[], removingReplicas=[], isNew=false) correlation id 1 from controller 0 epoch 2 (state.change.logger)
[2021-09-21 03:18:05,732] TRACE [Broker id=0] Received LeaderAndIsr request LeaderAndIsrPartitionState(topicName='Carlos_News', partitionIndex=0, controllerEpoch=1, leader=0, leaderEpoch=0, isr=[0], zkVersion=0, replicas=[0], addingReplicas=[], removingReplicas=[], isNew=false) correlation id 1 from controller 0 epoch 2 (state.change.logger)
[2021-09-21 03:18:05,732] TRACE [Broker id=0] Received LeaderAndIsr request LeaderAndIsrPartitionState(topicName='Laura_News', partitionIndex=0, controllerEpoch=1, leader=0, leaderEpoch=0, isr=[0], zkVersion=0, replicas=[0], addingReplicas=[], removingReplicas=[], isNew=false) correlation id 1 from controller 0 epoch 2 (state.change.logger)
[2021-09-21 03:18:05,732] TRACE [Broker id=0] Received LeaderAndIsr request LeaderAndIsrPartitionState(topicName='Laura_Likes', partitionIndex=0, controllerEpoch=1, leader=0, leaderEpoch=0, isr=[0], zkVersion=0, replicas=[0], addingReplicas=[], removingReplicas=[], isNew=false) correlation id 1 from controller 0 epoch 2 (state.change.logger)
[2021-09-21 03:18:05,732] TRACE [Broker id=0] Received LeaderAndIsr request LeaderAndIsrPartitionState(topicName='Marta_News', partitionIndex=0, controllerEpoch=1, leader=0, leaderEpoch=0, isr=[0], zkVersion=0, replicas=[0], addingReplicas=[], removingReplicas=[], isNew=false) correlation id 1 from controller 0 epoch 2 (state.change.logger)
[2021-09-21 03:18:05,732] TRACE [Broker id=0] Received LeaderAndIsr request LeaderAndIsrPartitionState(topicName='Laura_Seguidores', partitionIndex=0, controllerEpoch=1, leader=0, leaderEpoch=0, isr=[0], zkVersion=0, replicas=[0], addingReplicas=[], removingReplicas=[], isNew=false) correlation id 1 from controller 0 epoch 2 (state.change.logger)
[2021-09-21 03:18:05,732] TRACE [Broker id=0] Received LeaderAndIsr request LeaderAndIsrPartitionState(topicName='Juan_Seguidores', partitionIndex=0, controllerEpoch=1, leader=0, leaderEpoch=0, isr=[0], zkVersion=0, replicas=[0], addingReplicas=[], removingReplicas=[], isNew=false) correlation id 1 from controller 0 epoch 2 (state.change.logger)
[2021-09-21 03:18:05,732] TRACE [Broker id=0] Received LeaderAndIsr request LeaderAndIsrPartitionState(topicName='Marta_Seguidores', partitionIndex=0, controllerEpoch=1, leader=0, leaderEpoch=0, isr=[0], zkVersion=0, replicas=[0], addingReplicas=[], removingReplicas=[], isNew=false) correlation id 1 from controller 0 epoch 2 (state.change.logger)
[2021-09-21 03:18:05,732] TRACE [Broker id=0] Received LeaderAndIsr request LeaderAndIsrPartitionState(topicName='Juan_News', partitionIndex=0, controllerEpoch=1, leader=0, leaderEpoch=0, isr=[0], zkVersion=0, replicas=[0], addingReplicas=[], removingReplicas=[], isNew=false) correlation id 1 from controller 0 epoch 2 (state.change.logger)
[2021-09-21 03:18:05,732] TRACE [Broker id=0] Received LeaderAndIsr request LeaderAndIsrPartitionState(topicName='Juan_Likes', partitionIndex=0, controllerEpoch=1, leader=0, leaderEpoch=0, isr=[0], zkVersion=0, replicas=[0], addingReplicas=[], removingReplicas=[], isNew=false) correlation id 1 from controller 0 epoch 2 (state.change.logger)
[2021-09-21 03:18:05,732] TRACE [Broker id=0] Received LeaderAndIsr request LeaderAndIsrPartitionState(topicName='Carlos_Likes', partitionIndex=0, controllerEpoch=1, leader=0, leaderEpoch=0, isr=[0], zkVersion=0, replicas=[0], addingReplicas=[], removingReplicas=[], isNew=false) correlation id 1 from controller 0 epoch 2 (state.change.logger)
[2021-09-21 03:18:05,797] TRACE [Broker id=0] Handling LeaderAndIsr request correlationId 1 from controller 0 epoch 2 starting the become-leader transition for partition Carlos_News-0 (state.change.logger)
[2021-09-21 03:18:05,797] TRACE [Broker id=0] Handling LeaderAndIsr request correlationId 1 from controller 0 epoch 2 starting the become-leader transition for partition Laura_Seguidores-0 (state.change.logger)
[2021-09-21 03:18:05,797] TRACE [Broker id=0] Handling LeaderAndIsr request correlationId 1 from controller 0 epoch 2 starting the become-leader transition for partition Marta_News-0 (state.change.logger)
[2021-09-21 03:18:05,797] TRACE [Broker id=0] Handling LeaderAndIsr request correlationId 1 from controller 0 epoch 2 starting the become-leader transition for partition Marta_Seguidores-0 (state.change.logger)
[2021-09-21 03:18:05,797] TRACE [Broker id=0] Handling LeaderAndIsr request correlationId 1 from controller 0 epoch 2 starting the become-leader transition for partition Juan_Likes-0 (state.change.logger)
[2021-09-21 03:18:05,797] TRACE [Broker id=0] Handling LeaderAndIsr request correlationId 1 from controller 0 epoch 2 starting the become-leader transition for partition Carlos_Seguidores-0 (state.change.logger)
[2021-09-21 03:18:05,797] TRACE [Broker id=0] Handling LeaderAndIsr request correlationId 1 from controller 0 epoch 2 starting the become-leader transition for partition Laura_News-0 (state.change.logger)
[2021-09-21 03:18:05,798] TRACE [Broker id=0] Handling LeaderAndIsr request correlationId 1 from controller 0 epoch 2 starting the become-leader transition for partition Juan_Seguidores-0 (state.change.logger)
[2021-09-21 03:18:05,798] TRACE [Broker id=0] Handling LeaderAndIsr request correlationId 1 from controller 0 epoch 2 starting the become-leader transition for partition Laura_Likes-0 (state.change.logger)
[2021-09-21 03:18:05,798] TRACE [Broker id=0] Handling LeaderAndIsr request correlationId 1 from controller 0 epoch 2 starting the become-leader transition for partition Juan_News-0 (state.change.logger)
[2021-09-21 03:18:05,798] TRACE [Broker id=0] Handling LeaderAndIsr request correlationId 1 from controller 0 epoch 2 starting the become-leader transition for partition Carlos_Likes-0 (state.change.logger)
[2021-09-21 03:18:05,798] TRACE [Broker id=0] Handling LeaderAndIsr request correlationId 1 from controller 0 epoch 2 starting the become-leader transition for partition Marta_Likes-0 (state.change.logger)
[2021-09-21 03:18:05,917] TRACE [Broker id=0] Stopped fetchers as part of become-leader request from controller 0 epoch 2 with correlation id 1 for partition Carlos_News-0 (last update controller epoch 1) (state.change.logger)
[2021-09-21 03:18:05,937] TRACE [Broker id=0] Stopped fetchers as part of become-leader request from controller 0 epoch 2 with correlation id 1 for partition Laura_Seguidores-0 (last update controller epoch 1) (state.change.logger)
[2021-09-21 03:18:05,946] TRACE [Broker id=0] Stopped fetchers as part of become-leader request from controller 0 epoch 2 with correlation id 1 for partition Marta_News-0 (last update controller epoch 1) (state.change.logger)
[2021-09-21 03:18:05,985] TRACE [Broker id=0] Stopped fetchers as part of become-leader request from controller 0 epoch 2 with correlation id 1 for partition Marta_Seguidores-0 (last update controller epoch 1) (state.change.logger)
[2021-09-21 03:18:05,992] TRACE [Broker id=0] Stopped fetchers as part of become-leader request from controller 0 epoch 2 with correlation id 1 for partition Juan_Likes-0 (last update controller epoch 1) (state.change.logger)
[2021-09-21 03:18:05,998] TRACE [Broker id=0] Stopped fetchers as part of become-leader request from controller 0 epoch 2 with correlation id 1 for partition Carlos_Seguidores-0 (last update controller epoch 1) (state.change.logger)
[2021-09-21 03:18:06,007] TRACE [Broker id=0] Stopped fetchers as part of become-leader request from controller 0 epoch 2 with correlation id 1 for partition Laura_News-0 (last update controller epoch 1) (state.change.logger)
[2021-09-21 03:18:06,067] TRACE [Broker id=0] Stopped fetchers as part of become-leader request from controller 0 epoch 2 with correlation id 1 for partition Juan_Seguidores-0 (last update controller epoch 1) (state.change.logger)
[2021-09-21 03:18:06,086] TRACE [Broker id=0] Stopped fetchers as part of become-leader request from controller 0 epoch 2 with correlation id 1 for partition Laura_Likes-0 (last update controller epoch 1) (state.change.logger)
[2021-09-21 03:18:06,103] TRACE [Broker id=0] Stopped fetchers as part of become-leader request from controller 0 epoch 2 with correlation id 1 for partition Juan_News-0 (last update controller epoch 1) (state.change.logger)
[2021-09-21 03:18:06,120] TRACE [Broker id=0] Stopped fetchers as part of become-leader request from controller 0 epoch 2 with correlation id 1 for partition Carlos_Likes-0 (last update controller epoch 1) (state.change.logger)
[2021-09-21 03:18:06,146] TRACE [Broker id=0] Stopped fetchers as part of become-leader request from controller 0 epoch 2 with correlation id 1 for partition Marta_Likes-0 (last update controller epoch 1) (state.change.logger)
[2021-09-21 03:18:06,148] TRACE [Broker id=0] Completed LeaderAndIsr request correlationId 1 from controller 0 epoch 2 for the become-leader transition for partition Carlos_News-0 (state.change.logger)
[2021-09-21 03:18:06,148] TRACE [Broker id=0] Completed LeaderAndIsr request correlationId 1 from controller 0 epoch 2 for the become-leader transition for partition Laura_Seguidores-0 (state.change.logger)
[2021-09-21 03:18:06,148] TRACE [Broker id=0] Completed LeaderAndIsr request correlationId 1 from controller 0 epoch 2 for the become-leader transition for partition Marta_News-0 (state.change.logger)
[2021-09-21 03:18:06,148] TRACE [Broker id=0] Completed LeaderAndIsr request correlationId 1 from controller 0 epoch 2 for the become-leader transition for partition Marta_Seguidores-0 (state.change.logger)
[2021-09-21 03:18:06,148] TRACE [Broker id=0] Completed LeaderAndIsr request correlationId 1 from controller 0 epoch 2 for the become-leader transition for partition Juan_Likes-0 (state.change.logger)
[2021-09-21 03:18:06,148] TRACE [Broker id=0] Completed LeaderAndIsr request correlationId 1 from controller 0 epoch 2 for the become-leader transition for partition Carlos_Seguidores-0 (state.change.logger)
[2021-09-21 03:18:06,148] TRACE [Broker id=0] Completed LeaderAndIsr request correlationId 1 from controller 0 epoch 2 for the become-leader transition for partition Laura_News-0 (state.change.logger)
[2021-09-21 03:18:06,148] TRACE [Broker id=0] Completed LeaderAndIsr request correlationId 1 from controller 0 epoch 2 for the become-leader transition for partition Juan_Seguidores-0 (state.change.logger)
[2021-09-21 03:18:06,148] TRACE [Broker id=0] Completed LeaderAndIsr request correlationId 1 from controller 0 epoch 2 for the become-leader transition for partition Laura_Likes-0 (state.change.logger)
[2021-09-21 03:18:06,148] TRACE [Broker id=0] Completed LeaderAndIsr request correlationId 1 from controller 0 epoch 2 for the become-leader transition for partition Juan_News-0 (state.change.logger)
[2021-09-21 03:18:06,148] TRACE [Broker id=0] Completed LeaderAndIsr request correlationId 1 from controller 0 epoch 2 for the become-leader transition for partition Carlos_Likes-0 (state.change.logger)
[2021-09-21 03:18:06,148] TRACE [Broker id=0] Completed LeaderAndIsr request correlationId 1 from controller 0 epoch 2 for the become-leader transition for partition Marta_Likes-0 (state.change.logger)
[2021-09-21 03:18:06,213] TRACE [Controller id=0 epoch=2] Received response {error_code=0,partition_errors=[{topic_name=Carlos_News,partition_index=0,error_code=0,_tagged_fields={}},{topic_name=Laura_Seguidores,partition_index=0,error_code=0,_tagged_fields={}},{topic_name=Marta_News,partition_index=0,error_code=0,_tagged_fields={}},{topic_name=Juan_Likes,partition_index=0,error_code=0,_tagged_fields={}},{topic_name=Carlos_Seguidores,partition_index=0,error_code=0,_tagged_fields={}},{topic_name=Marta_Likes,partition_index=0,error_code=0,_tagged_fields={}},{topic_name=Juan_Seguidores,partition_index=0,error_code=0,_tagged_fields={}},{topic_name=Laura_Likes,partition_index=0,error_code=0,_tagged_fields={}},{topic_name=Laura_News,partition_index=0,error_code=0,_tagged_fields={}},{topic_name=Marta_Seguidores,partition_index=0,error_code=0,_tagged_fields={}},{topic_name=Juan_News,partition_index=0,error_code=0,_tagged_fields={}},{topic_name=Carlos_Likes,partition_index=0,error_code=0,_tagged_fields={}}],_tagged_fields={}} for request LEADER_AND_ISR with correlation id 1 sent to broker 10.0.2.15:9092 (id: 0 rack: null) (state.change.logger)
[2021-09-21 03:18:06,280] TRACE [Broker id=0] Cached leader info UpdateMetadataPartitionState(topicName='Marta_Likes', partitionIndex=0, controllerEpoch=1, leader=0, leaderEpoch=0, isr=[0], zkVersion=0, replicas=[0], offlineReplicas=[]) for partition Marta_Likes-0 in response to UpdateMetadata request sent by controller 0 epoch 2 with correlation id 2 (state.change.logger)
[2021-09-21 03:18:06,280] TRACE [Broker id=0] Cached leader info UpdateMetadataPartitionState(topicName='Carlos_Seguidores', partitionIndex=0, controllerEpoch=1, leader=0, leaderEpoch=0, isr=[0], zkVersion=0, replicas=[0], offlineReplicas=[]) for partition Carlos_Seguidores-0 in response to UpdateMetadata request sent by controller 0 epoch 2 with correlation id 2 (state.change.logger)
[2021-09-21 03:18:06,280] TRACE [Broker id=0] Cached leader info UpdateMetadataPartitionState(topicName='Carlos_News', partitionIndex=0, controllerEpoch=1, leader=0, leaderEpoch=0, isr=[0], zkVersion=0, replicas=[0], offlineReplicas=[]) for partition Carlos_News-0 in response to UpdateMetadata request sent by controller 0 epoch 2 with correlation id 2 (state.change.logger)
[2021-09-21 03:18:06,280] TRACE [Broker id=0] Cached leader info UpdateMetadataPartitionState(topicName='Laura_News', partitionIndex=0, controllerEpoch=1, leader=0, leaderEpoch=0, isr=[0], zkVersion=0, replicas=[0], offlineReplicas=[]) for partition Laura_News-0 in response to UpdateMetadata request sent by controller 0 epoch 2 with correlation id 2 (state.change.logger)
[2021-09-21 03:18:06,280] TRACE [Broker id=0] Cached leader info UpdateMetadataPartitionState(topicName='Laura_Likes', partitionIndex=0, controllerEpoch=1, leader=0, leaderEpoch=0, isr=[0], zkVersion=0, replicas=[0], offlineReplicas=[]) for partition Laura_Likes-0 in response to UpdateMetadata request sent by controller 0 epoch 2 with correlation id 2 (state.change.logger)
[2021-09-21 03:18:06,281] TRACE [Broker id=0] Cached leader info UpdateMetadataPartitionState(topicName='Marta_News', partitionIndex=0, controllerEpoch=1, leader=0, leaderEpoch=0, isr=[0], zkVersion=0, replicas=[0], offlineReplicas=[]) for partition Marta_News-0 in response to UpdateMetadata request sent by controller 0 epoch 2 with correlation id 2 (state.change.logger)
[2021-09-21 03:18:06,282] TRACE [Broker id=0] Cached leader info UpdateMetadataPartitionState(topicName='Laura_Seguidores', partitionIndex=0, controllerEpoch=1, leader=0, leaderEpoch=0, isr=[0], zkVersion=0, replicas=[0], offlineReplicas=[]) for partition Laura_Seguidores-0 in response to UpdateMetadata request sent by controller 0 epoch 2 with correlation id 2 (state.change.logger)
[2021-09-21 03:18:06,282] TRACE [Broker id=0] Cached leader info UpdateMetadataPartitionState(topicName='Juan_Seguidores', partitionIndex=0, controllerEpoch=1, leader=0, leaderEpoch=0, isr=[0], zkVersion=0, replicas=[0], offlineReplicas=[]) for partition Juan_Seguidores-0 in response to UpdateMetadata request sent by controller 0 epoch 2 with correlation id 2 (state.change.logger)
[2021-09-21 03:18:06,282] TRACE [Broker id=0] Cached leader info UpdateMetadataPartitionState(topicName='Marta_Seguidores', partitionIndex=0, controllerEpoch=1, leader=0, leaderEpoch=0, isr=[0], zkVersion=0, replicas=[0], offlineReplicas=[]) for partition Marta_Seguidores-0 in response to UpdateMetadata request sent by controller 0 epoch 2 with correlation id 2 (state.change.logger)
[2021-09-21 03:18:06,282] TRACE [Broker id=0] Cached leader info UpdateMetadataPartitionState(topicName='Juan_News', partitionIndex=0, controllerEpoch=1, leader=0, leaderEpoch=0, isr=[0], zkVersion=0, replicas=[0], offlineReplicas=[]) for partition Juan_News-0 in response to UpdateMetadata request sent by controller 0 epoch 2 with correlation id 2 (state.change.logger)
[2021-09-21 03:18:06,282] TRACE [Broker id=0] Cached leader info UpdateMetadataPartitionState(topicName='Juan_Likes', partitionIndex=0, controllerEpoch=1, leader=0, leaderEpoch=0, isr=[0], zkVersion=0, replicas=[0], offlineReplicas=[]) for partition Juan_Likes-0 in response to UpdateMetadata request sent by controller 0 epoch 2 with correlation id 2 (state.change.logger)
[2021-09-21 03:18:06,282] TRACE [Broker id=0] Cached leader info UpdateMetadataPartitionState(topicName='Carlos_Likes', partitionIndex=0, controllerEpoch=1, leader=0, leaderEpoch=0, isr=[0], zkVersion=0, replicas=[0], offlineReplicas=[]) for partition Carlos_Likes-0 in response to UpdateMetadata request sent by controller 0 epoch 2 with correlation id 2 (state.change.logger)
[2021-09-21 03:18:06,284] TRACE [Controller id=0 epoch=2] Received response {error_code=0,_tagged_fields={}} for request UPDATE_METADATA with correlation id 2 sent to broker 10.0.2.15:9092 (id: 0 rack: null) (state.change.logger)
